Window: 2026-05-17 -> 2026-06-16
Completed games in window: 415
  processed 25/415
  processed 50/415
  processed 75/415
  processed 100/415
  processed 125/415
  processed 150/415
  processed 175/415
  processed 200/415
  processed 225/415
  processed 250/415
  processed 275/415
  processed 300/415
  processed 325/415
  processed 350/415
  processed 375/415
  processed 400/415

Wrote /Users/jamesmorris/Library/Mobile Documents/iCloud~dk~simonbs~Scriptable/Documents/mlb_sub_tracker.json

Top subbed OUT:
  1. Jesús Sánchez (TOR) — 15 games [started 19 = 68%, hits 22]
  2. Owen Caissie (MIA) — 13 games [started 21 = 75%, hits 14]
  3. Nathaniel Lowe (CIN) — 12 games [started 19 = 68%, hits 18]
  4. Trevor Larnach (MIN) — 10 games [started 21 = 72%, hits 21]
  5. Carlos Cortes (ATH) — 10 games [started 20 = 71%, hits 16]
Top subbed IN:
  1. Myles Straw (TOR) — 16 games [started 10 = 36%, hits 7]
  2. Blake Perkins (MIL) — 15 games [started 3 = 11%, hits 4]
  3. Lawrence Butler (ATH) — 14 games [started 10 = 36%, hits 13]
  4. Jose Siri (LAA) — 13 games [started 11 = 39%, hits 14]
  5. Ryan Kreidler (MIN) — 12 games [started 14 = 48%, hits 9]
--
Tue Jun 16 23:19:23 MDT 2026: on-demand refresh requested from phone
Window: 2026-05-17 -> 2026-06-16
Completed games in window: 415
  processed 25/415
  processed 50/415
  processed 75/415
  processed 100/415
  processed 125/415
  processed 150/415
  processed 175/415
  processed 200/415
  processed 225/415
  processed 250/415
  processed 275/415
  processed 300/415
  processed 325/415
  processed 350/415
  processed 375/415
  processed 400/415

Wrote /Users/jamesmorris/Library/Mobile Documents/iCloud~dk~simonbs~Scriptable/Documents/mlb_sub_tracker.json

Top subbed OUT:
  1. Jesús Sánchez (TOR) — 15 games [started 19 = 68%, hits 22]
  2. Owen Caissie (MIA) — 13 games [started 21 = 75%, hits 14]
  3. Nathaniel Lowe (CIN) — 12 games [started 19 = 68%, hits 18]
  4. Trevor Larnach (MIN) — 10 games [started 21 = 72%, hits 21]
  5. Carlos Cortes (ATH) — 10 games [started 20 = 71%, hits 16]
Top subbed IN:
  1. Myles Straw (TOR) — 16 games [started 10 = 36%, hits 7]
  2. Blake Perkins (MIL) — 15 games [started 3 = 11%, hits 4]
  3. Lawrence Butler (ATH) — 14 games [started 10 = 36%, hits 13]
  4. Jose Siri (LAA) — 13 games [started 11 = 39%, hits 14]
  5. Ryan Kreidler (MIN) — 12 games [started 14 = 48%, hits 9]
--
Tue Jun 16 23:22:14 MDT 2026: on-demand refresh requested from phone
Window: 2026-05-17 -> 2026-06-16
Completed games in window: 415
  processed 25/415
  processed 50/415
  processed 75/415
  processed 100/415
  processed 125/415
  processed 150/415
  processed 175/415
  processed 200/415
  processed 225/415
  processed 250/415
  processed 275/415
  processed 300/415
  processed 325/415
  processed 350/415
  processed 375/415
  processed 400/415

Wrote /Users/jamesmorris/Library/Mobile Documents/iCloud~dk~simonbs~Scriptable/Documents/mlb_sub_tracker.json

Top subbed OUT:
  1. Jesús Sánchez (TOR) — 15 games [started 19 = 68%, hits 22]
  2. Owen Caissie (MIA) — 13 games [started 21 = 75%, hits 14]
  3. Nathaniel Lowe (CIN) — 12 games [started 19 = 68%, hits 18]
  4. Trevor Larnach (MIN) — 10 games [started 21 = 72%, hits 21]
  5. Carlos Cortes (ATH) — 10 games [started 20 = 71%, hits 16]
Top subbed IN:
  1. Myles Straw (TOR) — 16 games [started 10 = 36%, hits 7]
  2. Blake Perkins (MIL) — 15 games [started 3 = 11%, hits 4]
  3. Lawrence Butler (ATH) — 14 games [started 10 = 36%, hits 13]
  4. Jose Siri (LAA) — 13 games [started 11 = 39%, hits 14]
  5. Ryan Kreidler (MIN) — 12 games [started 14 = 48%, hits 9]
--
Tue Jun 16 23:45:04 MDT 2026: on-demand refresh requested from phone
Window: 2026-05-17 -> 2026-06-16
Completed games in window: 415
  processed 25/415
  processed 50/415
  processed 75/415
  processed 100/415
  processed 125/415
  processed 150/415
  processed 175/415
  processed 200/415
  processed 225/415
  processed 250/415
  processed 275/415
  processed 300/415
  processed 325/415
  processed 350/415
  processed 375/415
  processed 400/415

Wrote /Users/jamesmorris/Library/Mobile Documents/iCloud~dk~simonbs~Scriptable/Documents/mlb_sub_tracker.json

Top subbed OUT:
  1. Jesús Sánchez (TOR) — 15 games [started 19 = 68%, hits 22]
  2. Owen Caissie (MIA) — 13 games [started 21 = 75%, hits 14]
  3. Nathaniel Lowe (CIN) — 12 games [started 19 = 68%, hits 18]
  4. Trevor Larnach (MIN) — 10 games [started 21 = 72%, hits 21]
  5. Carlos Cortes (ATH) — 10 games [started 20 = 71%, hits 16]
Top subbed IN:
  1. Myles Straw (TOR) — 16 games [started 10 = 36%, hits 7]
  2. Blake Perkins (MIL) — 15 games [started 3 = 11%, hits 4]
  3. Lawrence Butler (ATH) — 14 games [started 10 = 36%, hits 13]
  4. Jose Siri (LAA) — 13 games [started 11 = 39%, hits 14]
  5. Ryan Kreidler (MIN) — 12 games [started 14 = 48%, hits 9]
Wrote /Users/jamesmorris/Library/Mobile Documents/iCloud~dk~simonbs~Scriptable/Documents/mlb_matchups.json — 15 games
  MIA (Tyler Phillips) @ PHI (Jesús Luzardo)
  KC (Michael Wacha) @ WSH (Foster Griffin)
  TOR (Dylan Cease) @ BOS (Payton Tolle)
  CWS (Davis Martin) @ NYY (Gerrit Cole)
  NYM (Kodai Senga) @ CIN (Brady Singer)
  SF (Adrian Houser) @ ATL (Grant Holmes)
  CLE (Slade Cecconi) @ MIL (Robert Gasser)
  SD (Michael King) @ STL (Andre Pallante)
  COL (Ryan Feltner) @ CHC (Edward Cabrera)
  MIN (Zebby Matthews) @ TEX (Kumar Rocker)
  DET (Framber Valdez) @ HOU (Hunter Brown)
  LAA (Reid Detmers) @ AZ (Merrill Kelly)
  PIT (Mitch Keller) @ ATH (Jack Perkins)
  BAL (Brandon Young) @ SEA (Logan Gilbert)
  TB (Drew Rasmussen) @ LAD (Justin Wrobleski)
Window: 2026-05-18 -> 2026-06-17
Completed games in window: 400
  processed 25/400
  processed 50/400
  processed 75/400
  processed 100/400
  processed 125/400
  processed 150/400
  processed 175/400
  processed 200/400
  processed 225/400
  processed 250/400
  processed 275/400
  processed 300/400
  processed 325/400
  processed 350/400
  processed 375/400
  processed 400/400

Wrote /Users/jamesmorris/Library/Mobile Documents/iCloud~dk~simonbs~Scriptable/Documents/mlb_sub_tracker.json

Top subbed OUT:
  1. Jesús Sánchez (TOR) — 14 games [started 18 = 67%, hits 21]
  2. Owen Caissie (MIA) — 12 games [started 20 = 74%, hits 13]
  3. Nathaniel Lowe (CIN) — 12 games [started 18 = 67%, hits 16]
  4. Trevor Larnach (MIN) — 10 games [started 21 = 75%, hits 21]
  5. Carlos Cortes (ATH) — 10 games [started 19 = 70%, hits 14]
Top subbed IN:
  1. Myles Straw (TOR) — 15 games [started 10 = 37%, hits 7]
  2. Lawrence Butler (ATH) — 14 games [started 9 = 33%, hits 13]
  3. Blake Perkins (MIL) — 14 games [started 3 = 12%, hits 4]
  4. Ryan Kreidler (MIN) — 12 games [started 13 = 46%, hits 9]
  5. Jose Siri (LAA) — 12 games [started 11 = 41%, hits 14]
--
Wed Jun 17 07:29:29 MDT 2026: on-demand refresh requested from phone
Window: 2026-05-18 -> 2026-06-17
Completed games in window: 400
  processed 25/400
  processed 50/400
  processed 75/400
  processed 100/400
  processed 125/400
  processed 150/400
  processed 175/400
  processed 200/400
  processed 225/400
  processed 250/400
  processed 275/400
  processed 300/400
  processed 325/400
  processed 350/400
  processed 375/400
  processed 400/400

Wrote /Users/jamesmorris/Library/Mobile Documents/iCloud~dk~simonbs~Scriptable/Documents/mlb_sub_tracker.json

Top subbed OUT:
  1. Jesús Sánchez (TOR) — 14 games [started 18 = 67%, hits 21]
  2. Owen Caissie (MIA) — 12 games [started 20 = 74%, hits 13]
  3. Nathaniel Lowe (CIN) — 12 games [started 18 = 67%, hits 16]
  4. Trevor Larnach (MIN) — 10 games [started 21 = 75%, hits 21]
  5. Carlos Cortes (ATH) — 10 games [started 19 = 70%, hits 14]
Top subbed IN:
  1. Myles Straw (TOR) — 15 games [started 10 = 37%, hits 7]
  2. Lawrence Butler (ATH) — 14 games [started 9 = 33%, hits 13]
  3. Blake Perkins (MIL) — 14 games [started 3 = 12%, hits 4]
  4. Ryan Kreidler (MIN) — 12 games [started 13 = 46%, hits 9]
  5. Jose Siri (LAA) — 12 games [started 11 = 41%, hits 14]
Wrote /Users/jamesmorris/Library/Mobile Documents/iCloud~dk~simonbs~Scriptable/Documents/mlb_matchups.json — 15 games
  NYM (Nolan McLean) @ CIN (Nick Lodolo)
  KC (Luinder Avila) @ WSH (Zack Littell)
  MIA (Sandy Alcantara) @ PHI (Andrew Painter)
  SF (Adrian Houser) @ ATL (Grant Holmes)
  DET (Casey Mize) @ HOU (Peter Lambert)
  SD (TBD) @ STL (Kyle Leahy)
  TB (Shane McClanahan) @ LAD (Shohei Ohtani)
  LAA (Sam Aldegheri) @ AZ (Eduardo Rodriguez)
  TOR (Max Scherzer) @ BOS (Jake Bennett)
  CWS (Anthony Kay) @ NYY (Carlos Rodón)
  SF (TBD) @ ATL (JR Ritchie)
  CLE (Gavin Williams) @ MIL (Brandon Sproat)
  COL (Sean Sullivan) @ CHC (Javier Assad)
  PIT (Braxton Ashcraft) @ ATH (Aaron Civale)
  BAL (Kyle Bradish) @ SEA (George Kirby)
--
Wed Jun 17 11:27:29 MDT 2026: on-demand refresh requested from phone
Window: 2026-05-18 -> 2026-06-17
Completed games in window: 400
  processed 25/400
  processed 50/400
  processed 75/400
  processed 100/400
  processed 125/400
  processed 150/400
  processed 175/400
  processed 200/400
  processed 225/400
  processed 250/400
  processed 275/400
  processed 300/400
  processed 325/400
  processed 350/400
  processed 375/400
  processed 400/400

Wrote /Users/jamesmorris/Library/Mobile Documents/iCloud~dk~simonbs~Scriptable/Documents/mlb_sub_tracker.json

Top subbed OUT:
  1. Jesús Sánchez (TOR) — 14 games [started 18 = 67%, hits 21]
  2. Owen Caissie (MIA) — 12 games [started 20 = 74%, hits 13]
  3. Nathaniel Lowe (CIN) — 12 games [started 18 = 67%, hits 16]
  4. Trevor Larnach (MIN) — 10 games [started 21 = 75%, hits 21]
  5. Carlos Cortes (ATH) — 10 games [started 19 = 70%, hits 14]
Top subbed IN:
  1. Myles Straw (TOR) — 15 games [started 10 = 37%, hits 7]
  2. Lawrence Butler (ATH) — 14 games [started 9 = 33%, hits 13]
  3. Blake Perkins (MIL) — 14 games [started 3 = 12%, hits 4]
  4. Ryan Kreidler (MIN) — 12 games [started 13 = 46%, hits 9]
  5. Jose Siri (LAA) — 12 games [started 11 = 41%, hits 14]
Wrote /Users/jamesmorris/Library/Mobile Documents/iCloud~dk~simonbs~Scriptable/Documents/mlb_matchups.json — 15 games
  NYM (Nolan McLean) @ CIN (Nick Lodolo) — 2026-06-17T16:40:00Z
  KC (Luinder Avila) @ WSH (Zack Littell) — 2026-06-17T17:05:00Z
  MIA (Sandy Alcantara) @ PHI (Andrew Painter) — 2026-06-17T17:05:00Z
  SF (Adrian Houser) @ ATL (Grant Holmes) — 2026-06-17T18:00:00Z
  DET (Casey Mize) @ HOU (Peter Lambert) — 2026-06-17T18:10:00Z
  SD (Bradgley Rodriguez) @ STL (Kyle Leahy) — 2026-06-17T18:15:00Z
  TB (Shane McClanahan) @ LAD (Shohei Ohtani) — 2026-06-17T19:10:00Z
  LAA (Sam Aldegheri) @ AZ (Eduardo Rodriguez) — 2026-06-17T19:40:00Z
  TOR (Max Scherzer) @ BOS (Jake Bennett) — 2026-06-17T22:45:00Z
  CWS (Anthony Kay) @ NYY (Carlos Rodón) — 2026-06-17T23:05:00Z
  SF (Carson Whisenhunt) @ ATL (JR Ritchie) — 2026-06-17T23:15:00Z
  CLE (Gavin Williams) @ MIL (Brandon Sproat) — 2026-06-17T23:40:00Z
  COL (Sean Sullivan) @ CHC (Javier Assad) — 2026-06-18T00:05:00Z
  PIT (Braxton Ashcraft) @ ATH (Aaron Civale) — 2026-06-18T01:40:00Z
  BAL (Kyle Bradish) @ SEA (George Kirby) — 2026-06-18T01:40:00Z
--
Wed Jun 17 12:33:24 MDT 2026: on-demand refresh requested from phone
Window: 2026-05-18 -> 2026-06-17
Completed games in window: 400
  processed 25/400
  processed 50/400
  processed 75/400
  processed 100/400
  processed 125/400
  processed 150/400
  processed 175/400
  processed 200/400
  processed 225/400
  processed 250/400
  processed 275/400
  processed 300/400
  processed 325/400
  processed 350/400
  processed 375/400
  processed 400/400

Wrote /Users/jamesmorris/Library/Mobile Documents/iCloud~dk~simonbs~Scriptable/Documents/mlb_sub_tracker.json

Top subbed OUT:
  1. Jesús Sánchez (TOR) — 14 games [started 18 = 67%, hits 21]
  2. Owen Caissie (MIA) — 12 games [started 20 = 74%, hits 13]
  3. Nathaniel Lowe (CIN) — 12 games [started 18 = 67%, hits 16]
  4. Trevor Larnach (MIN) — 10 games [started 21 = 75%, hits 21]
  5. Carlos Cortes (ATH) — 10 games [started 19 = 70%, hits 14]
Top subbed IN:
  1. Myles Straw (TOR) — 15 games [started 10 = 37%, hits 7]
  2. Lawrence Butler (ATH) — 14 games [started 9 = 33%, hits 13]
  3. Blake Perkins (MIL) — 14 games [started 3 = 12%, hits 4]
  4. Ryan Kreidler (MIN) — 12 games [started 13 = 46%, hits 9]
  5. Jose Siri (LAA) — 12 games [started 11 = 41%, hits 14]
Wrote /Users/jamesmorris/Library/Mobile Documents/iCloud~dk~simonbs~Scriptable/Documents/mlb_matchups.json — 15 games
  NYM (Nolan McLean) @ CIN (Nick Lodolo) — 2026-06-17T16:40:00Z
  KC (Luinder Avila) @ WSH (Zack Littell) — 2026-06-17T17:05:00Z
  MIA (Sandy Alcantara) @ PHI (Andrew Painter) — 2026-06-17T17:05:00Z
  SF (Adrian Houser) @ ATL (Grant Holmes) — 2026-06-17T18:00:00Z
  DET (Casey Mize) @ HOU (Peter Lambert) — 2026-06-17T18:10:00Z
  SD (Bradgley Rodriguez) @ STL (Kyle Leahy) — 2026-06-17T18:15:00Z
  TB (Shane McClanahan) @ LAD (Shohei Ohtani) — 2026-06-17T19:10:00Z
  LAA (Sam Aldegheri) @ AZ (Eduardo Rodriguez) — 2026-06-17T19:40:00Z
  TOR (Max Scherzer) @ BOS (Jake Bennett) — 2026-06-17T22:45:00Z
  CWS (Anthony Kay) @ NYY (Carlos Rodón) — 2026-06-17T23:05:00Z
  SF (Carson Whisenhunt) @ ATL (JR Ritchie) — 2026-06-17T23:15:00Z
  CLE (Gavin Williams) @ MIL (Brandon Sproat) — 2026-06-17T23:40:00Z
  COL (Sean Sullivan) @ CHC (Javier Assad) — 2026-06-18T00:05:00Z
  PIT (Braxton Ashcraft) @ ATH (Aaron Civale) — 2026-06-18T01:40:00Z
  BAL (Kyle Bradish) @ SEA (George Kirby) — 2026-06-18T01:40:00Z
--
Wed Jun 17 13:00:19 MDT 2026: on-demand refresh requested from phone
Window: 2026-05-18 -> 2026-06-17
Completed games in window: 400
  processed 25/400
  processed 50/400
  processed 75/400
  processed 100/400
  processed 125/400
  processed 150/400
  processed 175/400
  processed 200/400
  processed 225/400
  processed 250/400
  processed 275/400
  processed 300/400
  processed 325/400
  processed 350/400
  processed 375/400
  processed 400/400

Wrote /Users/jamesmorris/Library/Mobile Documents/iCloud~dk~simonbs~Scriptable/Documents/mlb_sub_tracker.json

Top subbed OUT:
  1. Jesús Sánchez (TOR) — 14 games [started 18 = 67%, hits 21]
  2. Owen Caissie (MIA) — 12 games [started 20 = 74%, hits 13]
  3. Nathaniel Lowe (CIN) — 12 games [started 18 = 67%, hits 16]
  4. Trevor Larnach (MIN) — 10 games [started 21 = 75%, hits 21]
  5. Carlos Cortes (ATH) — 10 games [started 19 = 70%, hits 14]
Top subbed IN:
  1. Myles Straw (TOR) — 15 games [started 10 = 37%, hits 7]
  2. Lawrence Butler (ATH) — 14 games [started 9 = 33%, hits 13]
  3. Blake Perkins (MIL) — 14 games [started 3 = 12%, hits 4]
  4. Ryan Kreidler (MIN) — 12 games [started 13 = 46%, hits 9]
  5. Jose Siri (LAA) — 12 games [started 11 = 41%, hits 14]
Wrote /Users/jamesmorris/Library/Mobile Documents/iCloud~dk~simonbs~Scriptable/Documents/mlb_matchups.json — 15 games
  NYM (Nolan McLean) @ CIN (Nick Lodolo) — 2026-06-17T16:40:00Z
  KC (Luinder Avila) @ WSH (Zack Littell) — 2026-06-17T17:05:00Z
  MIA (Sandy Alcantara) @ PHI (Andrew Painter) — 2026-06-17T17:05:00Z
  SF (Adrian Houser) @ ATL (Grant Holmes) — 2026-06-17T18:00:00Z
  DET (Casey Mize) @ HOU (Peter Lambert) — 2026-06-17T18:10:00Z
  SD (Bradgley Rodriguez) @ STL (Kyle Leahy) — 2026-06-17T18:15:00Z
  TB (Shane McClanahan) @ LAD (Shohei Ohtani) — 2026-06-17T19:10:00Z
  LAA (Sam Aldegheri) @ AZ (Eduardo Rodriguez) — 2026-06-17T19:40:00Z
  TOR (Max Scherzer) @ BOS (Jake Bennett) — 2026-06-17T22:45:00Z
  CWS (Anthony Kay) @ NYY (Carlos Rodón) — 2026-06-17T23:05:00Z
  SF (Carson Whisenhunt) @ ATL (JR Ritchie) — 2026-06-17T23:15:00Z
  CLE (Gavin Williams) @ MIL (Brandon Sproat) — 2026-06-17T23:40:00Z
  COL (Sean Sullivan) @ CHC (Javier Assad) — 2026-06-18T00:05:00Z
  PIT (Braxton Ashcraft) @ ATH (Aaron Civale) — 2026-06-18T01:40:00Z
  BAL (Kyle Bradish) @ SEA (George Kirby) — 2026-06-18T01:40:00Z
--
Wed Jun 17 13:02:12 MDT 2026: on-demand refresh requested from phone
Window: 2026-05-18 -> 2026-06-17
Completed games in window: 400
  processed 25/400
  processed 50/400
  processed 75/400
  processed 100/400
  processed 125/400
  processed 150/400
  processed 175/400
  processed 200/400
  processed 225/400
  processed 250/400
  processed 275/400
  processed 300/400
  processed 325/400
  processed 350/400
  processed 375/400
  processed 400/400

Wrote /Users/jamesmorris/Library/Mobile Documents/iCloud~dk~simonbs~Scriptable/Documents/mlb_sub_tracker.json

Top subbed OUT:
  1. Jesús Sánchez (TOR) — 14 games [started 18 = 67%, hits 21]
  2. Owen Caissie (MIA) — 12 games [started 20 = 74%, hits 13]
  3. Nathaniel Lowe (CIN) — 12 games [started 18 = 67%, hits 16]
  4. Trevor Larnach (MIN) — 10 games [started 21 = 75%, hits 21]
  5. Carlos Cortes (ATH) — 10 games [started 19 = 70%, hits 14]
Top subbed IN:
  1. Myles Straw (TOR) — 15 games [started 10 = 37%, hits 7]
  2. Lawrence Butler (ATH) — 14 games [started 9 = 33%, hits 13]
  3. Blake Perkins (MIL) — 14 games [started 3 = 12%, hits 4]
  4. Ryan Kreidler (MIN) — 12 games [started 13 = 46%, hits 9]
  5. Jose Siri (LAA) — 12 games [started 11 = 41%, hits 14]
Wrote /Users/jamesmorris/Library/Mobile Documents/iCloud~dk~simonbs~Scriptable/Documents/mlb_matchups.json — 15 games
  NYM (Nolan McLean) @ CIN (Nick Lodolo) — 2026-06-17T16:40:00Z
  KC (Luinder Avila) @ WSH (Zack Littell) — 2026-06-17T17:05:00Z
  MIA (Sandy Alcantara) @ PHI (Andrew Painter) — 2026-06-17T17:05:00Z
  SF (Adrian Houser) @ ATL (Grant Holmes) — 2026-06-17T18:00:00Z
  DET (Casey Mize) @ HOU (Peter Lambert) — 2026-06-17T18:10:00Z
  SD (Bradgley Rodriguez) @ STL (Kyle Leahy) — 2026-06-17T18:15:00Z
  TB (Shane McClanahan) @ LAD (Shohei Ohtani) — 2026-06-17T19:10:00Z
  LAA (Sam Aldegheri) @ AZ (Eduardo Rodriguez) — 2026-06-17T19:40:00Z
  TOR (Max Scherzer) @ BOS (Jake Bennett) — 2026-06-17T22:45:00Z
  CWS (Anthony Kay) @ NYY (Carlos Rodón) — 2026-06-17T23:05:00Z
  SF (Carson Whisenhunt) @ ATL (JR Ritchie) — 2026-06-17T23:15:00Z
  CLE (Gavin Williams) @ MIL (Brandon Sproat) — 2026-06-17T23:40:00Z
  COL (Sean Sullivan) @ CHC (Javier Assad) — 2026-06-18T00:05:00Z
  PIT (Braxton Ashcraft) @ ATH (Aaron Civale) — 2026-06-18T01:40:00Z
  BAL (Kyle Bradish) @ SEA (George Kirby) — 2026-06-18T01:40:00Z
--
Wed Jun 17 13:22:05 MDT 2026: on-demand refresh requested from phone
Window: 2026-05-18 -> 2026-06-17
Completed games in window: 401
  processed 25/401
  processed 50/401
  processed 75/401
  processed 100/401
  processed 125/401
  processed 150/401
  processed 175/401
  processed 200/401
  processed 225/401
  processed 250/401
  processed 275/401
  processed 300/401
  processed 325/401
  processed 350/401
  processed 375/401
  processed 400/401

Wrote /Users/jamesmorris/Library/Mobile Documents/iCloud~dk~simonbs~Scriptable/Documents/mlb_sub_tracker.json

Top subbed OUT:
  1. Jesús Sánchez (TOR) — 14 games [started 18 = 67%, hits 21]
  2. Nathaniel Lowe (CIN) — 13 games [started 19 = 68%, hits 17]
  3. Owen Caissie (MIA) — 12 games [started 20 = 74%, hits 13]
  4. Trevor Larnach (MIN) — 10 games [started 21 = 75%, hits 21]
  5. Carlos Cortes (ATH) — 10 games [started 19 = 70%, hits 14]
Top subbed IN:
  1. Myles Straw (TOR) — 15 games [started 10 = 37%, hits 7]
  2. Lawrence Butler (ATH) — 14 games [started 9 = 33%, hits 13]
  3. Blake Perkins (MIL) — 14 games [started 3 = 12%, hits 4]
  4. Ryan Kreidler (MIN) — 12 games [started 13 = 46%, hits 9]
  5. Jose Siri (LAA) — 12 games [started 11 = 41%, hits 14]
Wrote /Users/jamesmorris/Library/Mobile Documents/iCloud~dk~simonbs~Scriptable/Documents/mlb_matchups.json — 15 games
  NYM (Nolan McLean) @ CIN (Nick Lodolo) — 2026-06-17T16:40:00Z
  KC (Luinder Avila) @ WSH (Zack Littell) — 2026-06-17T17:05:00Z
  MIA (Sandy Alcantara) @ PHI (Andrew Painter) — 2026-06-17T17:05:00Z
  SF (Adrian Houser) @ ATL (Grant Holmes) — 2026-06-17T18:00:00Z
  DET (Casey Mize) @ HOU (Peter Lambert) — 2026-06-17T18:10:00Z
  SD (Bradgley Rodriguez) @ STL (Kyle Leahy) — 2026-06-17T18:15:00Z
  TB (Shane McClanahan) @ LAD (Shohei Ohtani) — 2026-06-17T19:10:00Z
  LAA (Sam Aldegheri) @ AZ (Eduardo Rodriguez) — 2026-06-17T19:40:00Z
  TOR (Max Scherzer) @ BOS (Jake Bennett) — 2026-06-17T22:45:00Z
  CWS (Anthony Kay) @ NYY (Carlos Rodón) — 2026-06-17T23:05:00Z
  SF (Carson Whisenhunt) @ ATL (JR Ritchie) — 2026-06-17T23:15:00Z
  CLE (Gavin Williams) @ MIL (Brandon Sproat) — 2026-06-17T23:40:00Z
  COL (Sean Sullivan) @ CHC (Javier Assad) — 2026-06-18T00:05:00Z
  PIT (Braxton Ashcraft) @ ATH (Aaron Civale) — 2026-06-18T01:40:00Z
  BAL (Kyle Bradish) @ SEA (George Kirby) — 2026-06-18T01:40:00Z
--
Wed Jun 17 13:33:00 MDT 2026: on-demand refresh requested from phone
Window: 2026-05-18 -> 2026-06-17
Completed games in window: 401
  processed 25/401
  processed 50/401
  processed 75/401
  processed 100/401
  processed 125/401
  processed 150/401
  processed 175/401
  processed 200/401
  processed 225/401
  processed 250/401
  processed 275/401
  processed 300/401
  processed 325/401
  processed 350/401
  processed 375/401
  processed 400/401

Wrote /Users/jamesmorris/Library/Mobile Documents/iCloud~dk~simonbs~Scriptable/Documents/mlb_sub_tracker.json

Top subbed OUT:
  1. Jesús Sánchez (TOR) — 14 games [started 18 = 67%, hits 21]
  2. Nathaniel Lowe (CIN) — 13 games [started 19 = 68%, hits 17]
  3. Owen Caissie (MIA) — 12 games [started 20 = 74%, hits 13]
  4. Trevor Larnach (MIN) — 10 games [started 21 = 75%, hits 21]
  5. Carlos Cortes (ATH) — 10 games [started 19 = 70%, hits 14]
Top subbed IN:
  1. Myles Straw (TOR) — 15 games [started 10 = 37%, hits 7]
  2. Lawrence Butler (ATH) — 14 games [started 9 = 33%, hits 13]
  3. Blake Perkins (MIL) — 14 games [started 3 = 12%, hits 4]
  4. Ryan Kreidler (MIN) — 12 games [started 13 = 46%, hits 9]
  5. Jose Siri (LAA) — 12 games [started 11 = 41%, hits 14]
Wrote /Users/jamesmorris/Library/Mobile Documents/iCloud~dk~simonbs~Scriptable/Documents/mlb_matchups.json — 15 games
  NYM (Nolan McLean) @ CIN (Nick Lodolo) — 2026-06-17T16:40:00Z
  KC (Luinder Avila) @ WSH (Zack Littell) — 2026-06-17T17:05:00Z
  MIA (Sandy Alcantara) @ PHI (Andrew Painter) — 2026-06-17T17:05:00Z
  SF (Adrian Houser) @ ATL (Grant Holmes) — 2026-06-17T18:00:00Z
  DET (Casey Mize) @ HOU (Peter Lambert) — 2026-06-17T18:10:00Z
  SD (Bradgley Rodriguez) @ STL (Kyle Leahy) — 2026-06-17T18:15:00Z
  TB (Shane McClanahan) @ LAD (Shohei Ohtani) — 2026-06-17T19:10:00Z
  LAA (Sam Aldegheri) @ AZ (Eduardo Rodriguez) — 2026-06-17T19:40:00Z
  TOR (TBD) @ BOS (Jake Bennett) — 2026-06-17T22:45:00Z
  CWS (Anthony Kay) @ NYY (Carlos Rodón) — 2026-06-17T23:05:00Z
  SF (Carson Whisenhunt) @ ATL (JR Ritchie) — 2026-06-17T23:15:00Z
  CLE (Gavin Williams) @ MIL (Brandon Sproat) — 2026-06-17T23:40:00Z
  COL (Sean Sullivan) @ CHC (Javier Assad) — 2026-06-18T00:05:00Z
  PIT (Braxton Ashcraft) @ ATH (Aaron Civale) — 2026-06-18T01:40:00Z
  BAL (Kyle Bradish) @ SEA (George Kirby) — 2026-06-18T01:40:00Z
--
Wed Jun 17 13:34:53 MDT 2026: on-demand refresh requested from phone
Window: 2026-05-18 -> 2026-06-17
Completed games in window: 401
  processed 25/401
  processed 50/401
  processed 75/401
  processed 100/401
  processed 125/401
  processed 150/401
  processed 175/401
  processed 200/401
  processed 225/401
  processed 250/401
  processed 275/401
  processed 300/401
  processed 325/401
  processed 350/401
  processed 375/401
  processed 400/401

Wrote /Users/jamesmorris/Library/Mobile Documents/iCloud~dk~simonbs~Scriptable/Documents/mlb_sub_tracker.json

Top subbed OUT:
  1. Jesús Sánchez (TOR) — 14 games [started 18 = 67%, hits 21]
  2. Nathaniel Lowe (CIN) — 13 games [started 19 = 68%, hits 17]
  3. Owen Caissie (MIA) — 12 games [started 20 = 74%, hits 13]
  4. Trevor Larnach (MIN) — 10 games [started 21 = 75%, hits 21]
  5. Carlos Cortes (ATH) — 10 games [started 19 = 70%, hits 14]
Top subbed IN:
  1. Myles Straw (TOR) — 15 games [started 10 = 37%, hits 7]
  2. Lawrence Butler (ATH) — 14 games [started 9 = 33%, hits 13]
  3. Blake Perkins (MIL) — 14 games [started 3 = 12%, hits 4]
  4. Ryan Kreidler (MIN) — 12 games [started 13 = 46%, hits 9]
  5. Jose Siri (LAA) — 12 games [started 11 = 41%, hits 14]
Wrote /Users/jamesmorris/Library/Mobile Documents/iCloud~dk~simonbs~Scriptable/Documents/mlb_matchups.json — 15 games
  NYM (Nolan McLean) @ CIN (Nick Lodolo) — 2026-06-17T16:40:00Z
  KC (Luinder Avila) @ WSH (Zack Littell) — 2026-06-17T17:05:00Z
  MIA (Sandy Alcantara) @ PHI (Andrew Painter) — 2026-06-17T17:05:00Z
  SF (Adrian Houser) @ ATL (Grant Holmes) — 2026-06-17T18:00:00Z
  DET (Casey Mize) @ HOU (Peter Lambert) — 2026-06-17T18:10:00Z
  SD (Bradgley Rodriguez) @ STL (Kyle Leahy) — 2026-06-17T18:15:00Z
  TB (Shane McClanahan) @ LAD (Shohei Ohtani) — 2026-06-17T19:10:00Z
  LAA (Sam Aldegheri) @ AZ (Eduardo Rodriguez) — 2026-06-17T19:40:00Z
  TOR (TBD) @ BOS (Jake Bennett) — 2026-06-17T22:45:00Z
  CWS (Anthony Kay) @ NYY (Carlos Rodón) — 2026-06-17T23:05:00Z
  SF (Carson Whisenhunt) @ ATL (JR Ritchie) — 2026-06-17T23:15:00Z
  CLE (Gavin Williams) @ MIL (Brandon Sproat) — 2026-06-17T23:40:00Z
  COL (Sean Sullivan) @ CHC (Javier Assad) — 2026-06-18T00:05:00Z
  PIT (Braxton Ashcraft) @ ATH (Aaron Civale) — 2026-06-18T01:40:00Z
  BAL (Kyle Bradish) @ SEA (George Kirby) — 2026-06-18T01:40:00Z
--
Wed Jun 17 13:58:48 MDT 2026: on-demand refresh requested from phone
Window: 2026-05-18 -> 2026-06-17
Completed games in window: 403
  processed 25/403
  processed 50/403
  processed 75/403
  processed 100/403
  processed 125/403
  processed 150/403
  processed 175/403
  processed 200/403
  processed 225/403
  processed 250/403
  processed 275/403
  processed 300/403
  processed 325/403
  processed 350/403
  processed 375/403
  processed 400/403

Wrote /Users/jamesmorris/Library/Mobile Documents/iCloud~dk~simonbs~Scriptable/Documents/mlb_sub_tracker.json

Top subbed OUT:
  1. Jesús Sánchez (TOR) — 14 games [started 18 = 67%, hits 21]
  2. Nathaniel Lowe (CIN) — 13 games [started 19 = 68%, hits 17]
  3. Owen Caissie (MIA) — 12 games [started 21 = 75%, hits 14]
  4. Trevor Larnach (MIN) — 10 games [started 21 = 75%, hits 21]
  5. Carlos Cortes (ATH) — 10 games [started 19 = 70%, hits 14]
Top subbed IN:
  1. Myles Straw (TOR) — 15 games [started 10 = 37%, hits 7]
  2. Lawrence Butler (ATH) — 14 games [started 9 = 33%, hits 13]
  3. Blake Perkins (MIL) — 14 games [started 3 = 12%, hits 4]
  4. Derek Hill (PHI) — 13 games [started 8 = 30%, hits 7]
  5. Ryan Kreidler (MIN) — 12 games [started 13 = 46%, hits 9]
Wrote /Users/jamesmorris/Library/Mobile Documents/iCloud~dk~simonbs~Scriptable/Documents/mlb_matchups.json — 15 games
  NYM (Nolan McLean) @ CIN (Nick Lodolo) — 2026-06-17T16:40:00Z
  KC (Luinder Avila) @ WSH (Zack Littell) — 2026-06-17T17:05:00Z
  MIA (Sandy Alcantara) @ PHI (Andrew Painter) — 2026-06-17T17:05:00Z
  SF (Adrian Houser) @ ATL (Grant Holmes) — 2026-06-17T18:00:00Z
  DET (Casey Mize) @ HOU (Peter Lambert) — 2026-06-17T18:10:00Z
  SD (Bradgley Rodriguez) @ STL (Kyle Leahy) — 2026-06-17T18:15:00Z
  TB (Shane McClanahan) @ LAD (Shohei Ohtani) — 2026-06-17T19:10:00Z
  LAA (Sam Aldegheri) @ AZ (Eduardo Rodriguez) — 2026-06-17T19:40:00Z
  TOR (Braydon Fisher) @ BOS (Jake Bennett) — 2026-06-17T22:45:00Z
  CWS (Anthony Kay) @ NYY (Carlos Rodón) — 2026-06-17T23:05:00Z
  SF (Carson Whisenhunt) @ ATL (JR Ritchie) — 2026-06-17T23:15:00Z
  CLE (Gavin Williams) @ MIL (Brandon Sproat) — 2026-06-17T23:40:00Z
  COL (Sean Sullivan) @ CHC (Javier Assad) — 2026-06-18T00:05:00Z
  PIT (Braxton Ashcraft) @ ATH (Aaron Civale) — 2026-06-18T01:40:00Z
  BAL (Kyle Bradish) @ SEA (George Kirby) — 2026-06-18T01:40:00Z
Window: 2026-05-18 -> 2026-06-17
Completed games in window: 405
  processed 25/405
  processed 50/405
  processed 75/405
  processed 100/405
  processed 125/405
  processed 150/405
  processed 175/405
  processed 200/405
  processed 225/405
  processed 250/405
  processed 275/405
  processed 300/405
  processed 325/405
  processed 350/405
  processed 375/405
  processed 400/405

Wrote /Users/jamesmorris/Library/Mobile Documents/iCloud~dk~simonbs~Scriptable/Documents/mlb_sub_tracker.json

Top subbed OUT:
  1. Jesús Sánchez (TOR) — 14 games [started 18 = 67%, hits 21]
  2. Nathaniel Lowe (CIN) — 13 games [started 19 = 68%, hits 17]
  3. Owen Caissie (MIA) — 12 games [started 21 = 75%, hits 14]
  4. Trevor Larnach (MIN) — 10 games [started 21 = 75%, hits 21]
  5. Carlos Cortes (ATH) — 10 games [started 19 = 70%, hits 14]
Top subbed IN:
  1. Myles Straw (TOR) — 15 games [started 10 = 37%, hits 7]
  2. Lawrence Butler (ATH) — 14 games [started 9 = 33%, hits 13]
  3. Blake Perkins (MIL) — 14 games [started 3 = 12%, hits 4]
  4. Derek Hill (PHI) — 13 games [started 8 = 30%, hits 7]
  5. Ryan Kreidler (MIN) — 12 games [started 13 = 46%, hits 9]
--
Wed Jun 17 14:55:46 MDT 2026: on-demand refresh requested from phone (target: splits)
--
Wed Jun 17 15:18:47 MDT 2026: on-demand refresh requested from phone (target: splits)
--
Wed Jun 17 15:28:48 MDT 2026: on-demand refresh requested from phone (target: splits)
Window: 2026-05-18 -> 2026-06-17
Traceback (most recent call last):
  File "/Users/jamesmorris/Coding/MLBSubTracker/mlb_sub_tracker.py", line 274, in <module>
    main()
  File "/Users/jamesmorris/Coding/MLBSubTracker/mlb_sub_tracker.py", line 222, in main
    sched = fetch_json(
            ^^^^^^^^^^^
  File "/Users/jamesmorris/Coding/MLBSubTracker/mlb_sub_tracker.py", line 72, in fetch_json
    raise RuntimeError(f"Failed to fetch {url}: {last_err}")
RuntimeError: Failed to fetch https://statsapi.mlb.com/api/v1/schedule?sportId=1&startDate=2026-05-18&endDate=2026-06-17: <urlopen error [Errno 8] nodename nor servname provided, or not known>
Window: 2026-05-18 -> 2026-06-17
Completed games in window: 416
  processed 25/416
  processed 50/416
  processed 75/416
  processed 100/416
  processed 125/416
  processed 150/416
  processed 175/416
  processed 200/416
  processed 225/416
  processed 250/416
  processed 275/416
  processed 300/416
  processed 325/416
  processed 350/416
  processed 375/416
  processed 400/416

Wrote /Users/jamesmorris/Library/Mobile Documents/iCloud~dk~simonbs~Scriptable/Documents/mlb_sub_tracker.json

Top subbed OUT:
  1. Jesús Sánchez (TOR) — 15 games [started 19 = 68%, hits 22]
  2. Nathaniel Lowe (CIN) — 13 games [started 19 = 68%, hits 17]
  3. Owen Caissie (MIA) — 12 games [started 21 = 75%, hits 14]
  4. Trevor Larnach (MIN) — 10 games [started 21 = 75%, hits 21]
  5. Carlos Cortes (ATH) — 10 games [started 19 = 68%, hits 14]
Top subbed IN:
  1. Myles Straw (TOR) — 15 games [started 11 = 39%, hits 8]
  2. Blake Perkins (MIL) — 15 games [started 3 = 11%, hits 4]
  3. Lawrence Butler (ATH) — 14 games [started 10 = 36%, hits 13]
  4. Derek Hill (PHI) — 13 games [started 8 = 30%, hits 7]
  5. Ryan Kreidler (MIN) — 12 games [started 13 = 46%, hits 9]
Window: 2026-05-19 -> 2026-06-18
Completed games in window: 402
  processed 25/402
  processed 50/402
  processed 75/402
  processed 100/402
  processed 125/402
  processed 150/402
  processed 175/402
  processed 200/402
  processed 225/402
  processed 250/402
  processed 275/402
  processed 300/402
  processed 325/402
  processed 350/402
  processed 375/402
  processed 400/402

Wrote /Users/jamesmorris/Library/Mobile Documents/iCloud~dk~simonbs~Scriptable/Documents/mlb_sub_tracker.json

Top subbed OUT:
  1. Jesús Sánchez (TOR) — 15 games [started 19 = 70%, hits 21]
  2. Nathaniel Lowe (CIN) — 13 games [started 18 = 67%, hits 16]
  3. Owen Caissie (MIA) — 12 games [started 20 = 74%, hits 13]
  4. Trevor Larnach (MIN) — 10 games [started 20 = 74%, hits 20]
  5. Moisés Ballesteros (CHC) — 10 games [started 16 = 59%, hits 9]
Top subbed IN:
  1. Myles Straw (TOR) — 15 games [started 10 = 37%, hits 8]
  2. Blake Perkins (MIL) — 14 games [started 3 = 12%, hits 4]
  3. Lawrence Butler (ATH) — 13 games [started 10 = 37%, hits 12]
  4. Derek Hill (PHI) — 13 games [started 8 = 31%, hits 7]
  5. Ryan Kreidler (MIN) — 12 games [started 13 = 48%, hits 9]
--
Thu Jun 18 08:29:20 MDT 2026: on-demand refresh requested from phone (target: all)
Window: 2026-05-19 -> 2026-06-18
Completed games in window: 402
  processed 25/402
  processed 50/402
  processed 75/402
  processed 100/402
  processed 125/402
  processed 150/402
  processed 175/402
  processed 200/402
  processed 225/402
  processed 250/402
  processed 275/402
  processed 300/402
  processed 325/402
  processed 350/402
  processed 375/402
  processed 400/402

Wrote /Users/jamesmorris/Library/Mobile Documents/iCloud~dk~simonbs~Scriptable/Documents/mlb_sub_tracker.json

Top subbed OUT:
  1. Jesús Sánchez (TOR) — 15 games [started 19 = 70%, hits 21]
  2. Nathaniel Lowe (CIN) — 13 games [started 18 = 67%, hits 16]
  3. Owen Caissie (MIA) — 12 games [started 20 = 74%, hits 13]
  4. Trevor Larnach (MIN) — 10 games [started 20 = 74%, hits 20]
  5. Moisés Ballesteros (CHC) — 10 games [started 16 = 59%, hits 9]
Top subbed IN:
  1. Myles Straw (TOR) — 15 games [started 10 = 37%, hits 8]
  2. Blake Perkins (MIL) — 14 games [started 3 = 12%, hits 4]
  3. Lawrence Butler (ATH) — 13 games [started 10 = 37%, hits 12]
  4. Derek Hill (PHI) — 13 games [started 8 = 31%, hits 7]
  5. Ryan Kreidler (MIN) — 12 games [started 13 = 48%, hits 9]
Wrote /Users/jamesmorris/Library/Mobile Documents/iCloud~dk~simonbs~Scriptable/Documents/mlb_matchups.json — 9 games
  TOR (Trey Yesavage) @ BOS (Sonny Gray) — 2026-06-18T17:35:00Z
  CLE (Parker Messick) @ MIL (Shane Drohan) — 2026-06-18T18:10:00Z
  MIN (Joe Ryan) @ TEX (Jack Leiter) — 2026-06-18T18:35:00Z
  BAL (Shane Baz) @ SEA (Bryan Woo) — 2026-06-18T20:10:00Z
  NYM (Sean Manaea) @ PHI (Aaron Nola) — 2026-06-18T22:40:00Z
  CWS (Sean Burke) @ NYY (Ryan Weathers) — 2026-06-18T23:05:00Z
  SF (Landen Roupp) @ ATL (Martín Pérez) — 2026-06-18T23:15:00Z
  STL (Matthew Liberatore) @ KC (Noah Cameron) — 2026-06-18T23:40:00Z
  LAA (TBD) @ ATH (Gage Jump) — 2026-06-19T01:40:00Z
Window: 2026-05-19 -> 2026-06-18
Completed games in window: 407
  processed 25/407
  processed 50/407
  processed 75/407
  processed 100/407
  processed 125/407
  processed 150/407
  processed 175/407
  processed 200/407
  processed 225/407
  processed 250/407
  processed 275/407
  processed 300/407
  processed 325/407
  processed 350/407
  processed 375/407
  processed 400/407

Wrote /Users/jamesmorris/Library/Mobile Documents/iCloud~dk~simonbs~Scriptable/Documents/mlb_sub_tracker.json

Top subbed OUT:
  1. Jesús Sánchez (TOR) — 16 games [started 20 = 71%, hits 22]
  2. Nathaniel Lowe (CIN) — 13 games [started 18 = 67%, hits 16]
  3. Owen Caissie (MIA) — 12 games [started 20 = 74%, hits 13]
  4. Trevor Larnach (MIN) — 11 games [started 21 = 75%, hits 23]
  5. Moisés Ballesteros (CHC) — 10 games [started 16 = 59%, hits 9]
Top subbed IN:
  1. Myles Straw (TOR) — 16 games [started 10 = 36%, hits 8]
  2. Blake Perkins (MIL) — 14 games [started 4 = 15%, hits 5]
  3. Ryan Kreidler (MIN) — 13 games [started 13 = 46%, hits 10]
  4. Lawrence Butler (ATH) — 13 games [started 10 = 37%, hits 12]
  5. Derek Hill (PHI) — 13 games [started 8 = 31%, hits 7]
--
Fri Jun 19 12:50:04 MDT 2026: on-demand refresh requested from phone (target: all)
Window: 2026-05-20 -> 2026-06-19
Completed games in window: 396
  processed 25/396
  processed 50/396
  processed 75/396
  processed 100/396
  processed 125/396
  processed 150/396
  processed 175/396
  processed 200/396
  processed 225/396
  processed 250/396
  processed 275/396
  processed 300/396
  processed 325/396
  processed 350/396
  processed 375/396

Wrote /Users/jamesmorris/Library/Mobile Documents/iCloud~dk~simonbs~Scriptable/Documents/mlb_sub_tracker.json

Top subbed OUT:
  1. Jesús Sánchez (TOR) — 15 games [started 19 = 70%, hits 21]
  2. Nathaniel Lowe (CIN) — 13 games [started 18 = 69%, hits 16]
  3. Owen Caissie (MIA) — 12 games [started 20 = 77%, hits 13]
  4. Trevor Larnach (MIN) — 11 games [started 20 = 74%, hits 23]
  5. Carlos Cortes (ATH) — 10 games [started 19 = 70%, hits 13]
Top subbed IN:
  1. Myles Straw (TOR) — 15 games [started 10 = 37%, hits 8]
  2. Blake Perkins (MIL) — 14 games [started 4 = 15%, hits 5]
  3. Ryan Kreidler (MIN) — 12 games [started 13 = 48%, hits 10]
  4. Lawrence Butler (ATH) — 12 games [started 10 = 37%, hits 12]
  5. Derek Hill (PHI) — 12 games [started 9 = 35%, hits 8]
Wrote /Users/jamesmorris/Library/Mobile Documents/iCloud~dk~simonbs~Scriptable/Documents/mlb_matchups.json — 14 games
  TOR (Kevin Gausman) @ CHC (Ben Brown) — 2026-06-19T18:20:00Z
  CWS (Erick Fedde) @ DET (Tarik Skubal) — 2026-06-19T22:40:00Z
  CIN (Rhett Lowder) @ NYY (Cam Schlittler) — 2026-06-19T23:05:00Z
  WSH (PJ Poulin) @ TB (Griffin Jax) — 2026-06-19T23:10:00Z
  SF (Landen Roupp) @ MIA (Lake Bachar) — 2026-06-19T23:10:00Z
  MIL (Jacob Misiorowski) @ ATL (Martín Pérez) — 2026-06-19T23:15:00Z
  SD (Randy Vásquez) @ TEX (Jacob deGrom) — 2026-06-20T00:05:00Z
  CLE (Tanner Bibee) @ HOU (Tatsuya Imai) — 2026-06-20T00:10:00Z
  STL (Michael McGreevy) @ KC (Seth Lugo) — 2026-06-20T00:15:00Z
  PIT (Bubba Chandler) @ COL (Kyle Freeland) — 2026-06-20T00:40:00Z
  LAA (José Soriano) @ ATH (Jeffrey Springs) — 2026-06-20T01:40:00Z
  MIN (Connor Prielipp) @ AZ (Michael Soroka) — 2026-06-20T01:45:00Z
  BAL (Trey Gibson) @ LAD (Roki Sasaki) — 2026-06-20T02:10:00Z
  BOS (Ranger Suarez) @ SEA (Bryce Miller) — 2026-06-20T02:10:00Z
Window: 2026-05-20 -> 2026-06-19
Completed games in window: 396
  processed 25/396
  processed 50/396
  processed 75/396
  processed 100/396
  processed 125/396
  processed 150/396
  processed 175/396
  processed 200/396
  processed 225/396
  processed 250/396
  processed 275/396
  processed 300/396
  processed 325/396
  processed 350/396
  processed 375/396

Wrote /Users/jamesmorris/Library/Mobile Documents/iCloud~dk~simonbs~Scriptable/Documents/mlb_sub_tracker.json

Top subbed OUT:
  1. Jesús Sánchez (TOR) — 15 games [started 19 = 70%, hits 21]
  2. Nathaniel Lowe (CIN) — 13 games [started 18 = 69%, hits 16]
  3. Owen Caissie (MIA) — 12 games [started 20 = 77%, hits 13]
  4. Trevor Larnach (MIN) — 11 games [started 20 = 74%, hits 23]
  5. Carlos Cortes (ATH) — 10 games [started 19 = 70%, hits 13]
Top subbed IN:
  1. Myles Straw (TOR) — 15 games [started 10 = 37%, hits 8]
  2. Blake Perkins (MIL) — 14 games [started 4 = 15%, hits 5]
  3. Ryan Kreidler (MIN) — 12 games [started 13 = 48%, hits 10]
  4. Lawrence Butler (ATH) — 12 games [started 10 = 37%, hits 12]
  5. Derek Hill (PHI) — 12 games [started 9 = 35%, hits 8]
Window: 2026-05-21 -> 2026-06-20
Completed games in window: 395
  processed 25/395
  processed 50/395
  processed 75/395
  processed 100/395
  processed 125/395
  processed 150/395
  processed 175/395
  processed 200/395
  processed 225/395
  processed 250/395
  processed 275/395
  processed 300/395
  processed 325/395
  processed 350/395
  processed 375/395

Wrote /Users/jamesmorris/Library/Mobile Documents/iCloud~dk~simonbs~Scriptable/Documents/mlb_sub_tracker.json

Top subbed OUT:
  1. Jesús Sánchez (TOR) — 14 games [started 19 = 70%, hits 19]
  2. Owen Caissie (MIA) — 12 games [started 21 = 81%, hits 16]
  3. Trevor Larnach (MIN) — 12 games [started 20 = 74%, hits 24]
  4. Nathaniel Lowe (CIN) — 12 games [started 18 = 69%, hits 15]
  5. Carlos Cortes (ATH) — 10 games [started 19 = 70%, hits 12]
Top subbed IN:
  1. Myles Straw (TOR) — 14 games [started 10 = 37%, hits 8]
  2. Blake Perkins (MIL) — 13 games [started 5 = 19%, hits 6]
  3. Ryan Kreidler (MIN) — 12 games [started 12 = 44%, hits 9]
  4. Esteury Ruiz (MIA) — 12 games [started 9 = 35%, hits 12]
  5. Jahmai Jones (DET) — 12 games [started 7 = 26%, hits 2]
--
Sat Jun 20 12:09:37 MDT 2026: on-demand refresh requested from phone (target: all)
Window: 2026-05-21 -> 2026-06-20
Completed games in window: 395
  processed 25/395
  processed 50/395
  processed 75/395
  processed 100/395
  processed 125/395
  processed 150/395
  processed 175/395
  processed 200/395
  processed 225/395
  processed 250/395
  processed 275/395
  processed 300/395
  processed 325/395
  processed 350/395
  processed 375/395

Wrote /Users/jamesmorris/Library/Mobile Documents/iCloud~dk~simonbs~Scriptable/Documents/mlb_sub_tracker.json

Top subbed OUT:
  1. Jesús Sánchez (TOR) — 14 games [started 19 = 70%, hits 19]
  2. Owen Caissie (MIA) — 12 games [started 21 = 81%, hits 16]
  3. Trevor Larnach (MIN) — 12 games [started 20 = 74%, hits 24]
  4. Nathaniel Lowe (CIN) — 12 games [started 18 = 69%, hits 15]
  5. Carlos Cortes (ATH) — 10 games [started 19 = 70%, hits 12]
Top subbed IN:
  1. Myles Straw (TOR) — 14 games [started 10 = 37%, hits 8]
  2. Blake Perkins (MIL) — 13 games [started 5 = 19%, hits 6]
  3. Ryan Kreidler (MIN) — 12 games [started 12 = 44%, hits 9]
  4. Esteury Ruiz (MIA) — 12 games [started 9 = 35%, hits 12]
  5. Jahmai Jones (DET) — 12 games [started 7 = 26%, hits 2]
Wrote /Users/jamesmorris/Library/Mobile Documents/iCloud~dk~simonbs~Scriptable/Documents/mlb_matchups.json — 14 games
  CWS (Sean Newcomb) @ DET (Troy Melton) — 2026-06-20T17:10:00Z
  CIN (Andrew Abbott) @ NYY (Will Warren) — 2026-06-20T17:35:00Z
  TOR (Patrick Corbin) @ CHC (Colin Rea) — 2026-06-20T18:20:00Z
  SD (Walker Buehler) @ TEX (MacKenzie Gore) — 2026-06-20T20:05:00Z
  WSH (Cade Cavalli) @ TB (Ian Seymour) — 2026-06-20T20:10:00Z
  SF (Trevor McDonald) @ MIA (Max Meyer) — 2026-06-20T20:10:00Z
  MIL (Kyle Harrison) @ ATL (Chris Sale) — 2026-06-20T20:10:00Z
  CLE (Joey Cantillo) @ HOU (Spencer Arrighetti) — 2026-06-20T23:15:00Z
  NYM (Freddy Peralta) @ PHI (Cristopher Sánchez) — 2026-06-20T23:15:00Z
  PIT (Paul Skenes) @ COL (Tomoyuki Sugano) — 2026-06-21T01:10:00Z
  LAA (Walbert Ureña) @ ATH (J.T. Ginn) — 2026-06-21T02:05:00Z
  BAL (Trevor Rogers) @ LAD (Yoshinobu Yamamoto) — 2026-06-21T02:10:00Z
  BOS (Connelly Early) @ SEA (Emerson Hancock) — 2026-06-21T02:10:00Z
  MIN (Taj Bradley) @ AZ (Zac Gallen) — 2026-06-21T02:10:00Z
Window: 2026-05-21 -> 2026-06-20
Completed games in window: 396
  processed 25/396
  processed 50/396
  processed 75/396
  processed 100/396
  processed 125/396
  processed 150/396
  processed 175/396
  processed 200/396
  processed 225/396
  processed 250/396
  processed 275/396
  processed 300/396
  processed 325/396
  processed 350/396
  processed 375/396

Wrote /Users/jamesmorris/Library/Mobile Documents/iCloud~dk~simonbs~Scriptable/Documents/mlb_sub_tracker.json

Top subbed OUT:
  1. Jesús Sánchez (TOR) — 14 games [started 19 = 70%, hits 19]
  2. Owen Caissie (MIA) — 12 games [started 21 = 81%, hits 16]
  3. Trevor Larnach (MIN) — 12 games [started 20 = 74%, hits 24]
  4. Nathaniel Lowe (CIN) — 12 games [started 18 = 69%, hits 15]
  5. Carlos Cortes (ATH) — 10 games [started 19 = 70%, hits 12]
Top subbed IN:
  1. Myles Straw (TOR) — 14 games [started 10 = 37%, hits 8]
  2. Jahmai Jones (DET) — 13 games [started 7 = 25%, hits 2]
  3. Blake Perkins (MIL) — 13 games [started 5 = 19%, hits 6]
  4. Ryan Kreidler (MIN) — 12 games [started 12 = 44%, hits 9]
  5. Esteury Ruiz (MIA) — 12 games [started 9 = 35%, hits 12]
Window: 2026-05-21 -> 2026-06-20
Completed games in window: 403
  processed 25/403
  processed 50/403
  processed 75/403
  processed 100/403
  processed 125/403
  processed 150/403
  processed 175/403
  processed 200/403
  processed 225/403
  processed 250/403
  processed 275/403
  processed 300/403
  processed 325/403
  processed 350/403
  processed 375/403
  processed 400/403

Wrote /Users/jamesmorris/Library/Mobile Documents/iCloud~dk~simonbs~Scriptable/Documents/mlb_sub_tracker.json

Top subbed OUT:
  1. Jesús Sánchez (TOR) — 14 games [started 19 = 68%, hits 19]
  2. Nathaniel Lowe (CIN) — 13 games [started 19 = 70%, hits 17]
  3. Owen Caissie (MIA) — 12 games [started 22 = 81%, hits 17]
  4. Trevor Larnach (MIN) — 12 games [started 20 = 74%, hits 24]
  5. Carlos Cortes (ATH) — 10 games [started 19 = 70%, hits 12]
Top subbed IN:
  1. Myles Straw (TOR) — 14 games [started 11 = 39%, hits 9]
  2. Jahmai Jones (DET) — 13 games [started 7 = 25%, hits 2]
  3. Blake Perkins (MIL) — 13 games [started 6 = 22%, hits 7]
  4. Ryan Kreidler (MIN) — 12 games [started 12 = 44%, hits 9]
  5. Esteury Ruiz (MIA) — 12 games [started 10 = 37%, hits 12]
Window: 2026-05-22 -> 2026-06-21
Completed games in window: 402
  processed 25/402
  processed 50/402
  processed 75/402
  processed 100/402
  processed 125/402
  processed 150/402
  processed 175/402
  processed 200/402
  processed 225/402
  processed 250/402
  processed 275/402
  processed 300/402
  processed 325/402
  processed 350/402
  processed 375/402
  processed 400/402

Wrote /Users/jamesmorris/Library/Mobile Documents/iCloud~dk~simonbs~Scriptable/Documents/mlb_sub_tracker.json

Top subbed OUT:
  1. Jesús Sánchez (TOR) — 14 games [started 19 = 70%, hits 19]
  2. Trevor Larnach (MIN) — 13 games [started 21 = 75%, hits 26]
  3. Nathaniel Lowe (CIN) — 13 games [started 19 = 70%, hits 17]
  4. Owen Caissie (MIA) — 11 games [started 21 = 81%, hits 16]
  5. Kerry Carpenter (DET) — 10 games [started 15 = 56%, hits 12]
Top subbed IN:
  1. Myles Straw (TOR) — 14 games [started 10 = 37%, hits 9]
  2. Blake Perkins (MIL) — 13 games [started 6 = 22%, hits 7]
  3. Jahmai Jones (DET) — 13 games [started 6 = 22%, hits 2]
  4. Ryan Kreidler (MIN) — 12 games [started 13 = 46%, hits 12]
  5. Jorge Barrosa (AZ) — 12 games [started 5 = 19%, hits 4]
Window: 2026-05-22 -> 2026-06-21
Completed games in window: 402
  processed 25/402
  processed 50/402
  processed 75/402
  processed 100/402
  processed 125/402
  processed 150/402
  processed 175/402
  processed 200/402
  processed 225/402
  processed 250/402
  processed 275/402
  processed 300/402
  processed 325/402
  processed 350/402
  processed 375/402
  processed 400/402

Wrote /Users/jamesmorris/Library/Mobile Documents/iCloud~dk~simonbs~Scriptable/Documents/mlb_sub_tracker.json

Top subbed OUT:
  1. Jesús Sánchez (TOR) — 14 games [started 19 = 70%, hits 19]
  2. Trevor Larnach (MIN) — 13 games [started 21 = 75%, hits 26]
  3. Nathaniel Lowe (CIN) — 13 games [started 19 = 70%, hits 17]
  4. Owen Caissie (MIA) — 11 games [started 21 = 81%, hits 16]
  5. Kerry Carpenter (DET) — 10 games [started 15 = 56%, hits 12]
Top subbed IN:
  1. Myles Straw (TOR) — 14 games [started 10 = 37%, hits 9]
  2. Blake Perkins (MIL) — 13 games [started 6 = 22%, hits 7]
  3. Jahmai Jones (DET) — 13 games [started 6 = 22%, hits 2]
  4. Ryan Kreidler (MIN) — 12 games [started 13 = 46%, hits 12]
  5. Jorge Barrosa (AZ) — 12 games [started 5 = 19%, hits 4]
--
Sun Jun 21 10:50:23 MDT 2026: on-demand refresh requested from phone (target: all)
Window: 2026-05-22 -> 2026-06-21
Completed games in window: 403
  processed 25/403
  processed 50/403
  processed 75/403
  processed 100/403
  processed 125/403
  processed 150/403
  processed 175/403
  processed 200/403
  processed 225/403
  processed 250/403
  processed 275/403
  processed 300/403
  processed 325/403
  processed 350/403
  processed 375/403
  processed 400/403

Wrote /Users/jamesmorris/Library/Mobile Documents/iCloud~dk~simonbs~Scriptable/Documents/mlb_sub_tracker.json

Top subbed OUT:
  1. Jesús Sánchez (TOR) — 14 games [started 19 = 68%, hits 19]
  2. Trevor Larnach (MIN) — 13 games [started 21 = 75%, hits 26]
  3. Nathaniel Lowe (CIN) — 13 games [started 19 = 70%, hits 17]
  4. Owen Caissie (MIA) — 11 games [started 21 = 81%, hits 16]
  5. Kerry Carpenter (DET) — 10 games [started 15 = 56%, hits 12]
Top subbed IN:
  1. Myles Straw (TOR) — 14 games [started 10 = 36%, hits 9]
  2. Blake Perkins (MIL) — 13 games [started 6 = 22%, hits 7]
  3. Jahmai Jones (DET) — 13 games [started 6 = 22%, hits 2]
  4. Ryan Kreidler (MIN) — 12 games [started 13 = 46%, hits 12]
  5. Jorge Barrosa (AZ) — 12 games [started 5 = 19%, hits 4]
  ! couldn't fetch season stats for 703615: list index out of range
  ! couldn't fetch gameLog for 703615: list index out of range
Wrote /Users/jamesmorris/Library/Mobile Documents/iCloud~dk~simonbs~Scriptable/Documents/mlb_matchups.json — 15 games
  CIN (Chase Burns) @ NYY (Elmer Rodríguez) — 2026-06-21T17:35:00Z
  MIL (Robert Gasser) @ ATL (Bryce Elder) — 2026-06-21T17:35:00Z
  WSH (Andrew Alvarez) @ TB (Nick Martinez) — 2026-06-21T17:40:00Z
  CWS (Davis Martin) @ DET (Keider Montero) — 2026-06-21T17:40:00Z
  SF (Logan Webb) @ MIA (Ryan Gusto) — 2026-06-21T17:40:00Z
  CLE (Slade Cecconi) @ HOU (Kai-Wei Teng) — 2026-06-21T18:10:00Z
  STL (Dustin May) @ KC (Stephen Kolek) — 2026-06-21T18:10:00Z
  TOR (Dylan Cease) @ CHC (Shota Imanaga) — 2026-06-21T18:20:00Z
  SD (Wandy Peralta) @ TEX (Nathan Eovaldi) — 2026-06-21T18:35:00Z
  PIT (Jared Jones) @ COL (Michael Lorenzen) — 2026-06-21T19:10:00Z
  MIN (Mike Paredes) @ AZ (Jose Cabrera) — 2026-06-21T19:15:00Z
  LAA (Reid Detmers) @ ATH (Jack Perkins) — 2026-06-21T20:05:00Z
  BAL (Brandon Young) @ LAD (Emmet Sheehan) — 2026-06-21T20:10:00Z
  BOS (Payton Tolle) @ SEA (Logan Gilbert) — 2026-06-21T20:10:00Z
  NYM (David Peterson) @ PHI (Zack Wheeler) — 2026-06-21T23:20:00Z
--
Sun Jun 21 10:52:28 MDT 2026: on-demand refresh requested from phone (target: all)
Window: 2026-05-22 -> 2026-06-21
Completed games in window: 403
  processed 25/403
  processed 50/403
  processed 75/403
  processed 100/403
  processed 125/403
  processed 150/403
  processed 175/403
  processed 200/403
  processed 225/403
  processed 250/403
  processed 275/403
  processed 300/403
  processed 325/403
  processed 350/403
  processed 375/403
  processed 400/403

Wrote /Users/jamesmorris/Library/Mobile Documents/iCloud~dk~simonbs~Scriptable/Documents/mlb_sub_tracker.json

Top subbed OUT:
  1. Jesús Sánchez (TOR) — 14 games [started 19 = 68%, hits 19]
  2. Trevor Larnach (MIN) — 13 games [started 21 = 75%, hits 26]
  3. Nathaniel Lowe (CIN) — 13 games [started 19 = 70%, hits 17]
  4. Owen Caissie (MIA) — 11 games [started 21 = 81%, hits 16]
  5. Kerry Carpenter (DET) — 10 games [started 15 = 56%, hits 12]
Top subbed IN:
  1. Myles Straw (TOR) — 14 games [started 10 = 36%, hits 9]
  2. Blake Perkins (MIL) — 13 games [started 6 = 22%, hits 7]
  3. Jahmai Jones (DET) — 13 games [started 6 = 22%, hits 2]
  4. Ryan Kreidler (MIN) — 12 games [started 13 = 46%, hits 12]
  5. Jorge Barrosa (AZ) — 12 games [started 5 = 19%, hits 4]
Wrote /Users/jamesmorris/Library/Mobile Documents/iCloud~dk~simonbs~Scriptable/Documents/mlb_matchups.json — 15 games
  CIN (Chase Burns) @ NYY (Elmer Rodríguez) — 2026-06-21T17:35:00Z
  MIL (Robert Gasser) @ ATL (Bryce Elder) — 2026-06-21T17:35:00Z
  WSH (Andrew Alvarez) @ TB (Nick Martinez) — 2026-06-21T17:40:00Z
  CWS (Davis Martin) @ DET (Keider Montero) — 2026-06-21T17:40:00Z
  SF (Logan Webb) @ MIA (Ryan Gusto) — 2026-06-21T17:40:00Z
  CLE (Slade Cecconi) @ HOU (Kai-Wei Teng) — 2026-06-21T18:10:00Z
  STL (Dustin May) @ KC (Stephen Kolek) — 2026-06-21T18:10:00Z
  TOR (Dylan Cease) @ CHC (Shota Imanaga) — 2026-06-21T18:20:00Z
  SD (Wandy Peralta) @ TEX (Nathan Eovaldi) — 2026-06-21T18:35:00Z
  PIT (Jared Jones) @ COL (Michael Lorenzen) — 2026-06-21T19:10:00Z
  MIN (Mike Paredes) @ AZ (Jose Cabrera) — 2026-06-21T19:15:00Z
  LAA (Reid Detmers) @ ATH (Jack Perkins) — 2026-06-21T20:05:00Z
  BAL (Brandon Young) @ LAD (Emmet Sheehan) — 2026-06-21T20:10:00Z
  BOS (Payton Tolle) @ SEA (Logan Gilbert) — 2026-06-21T20:10:00Z
  NYM (David Peterson) @ PHI (Zack Wheeler) — 2026-06-21T23:20:00Z
Window: 2026-05-22 -> 2026-06-21
Completed games in window: 409
  processed 25/409
  processed 50/409
  processed 75/409
  processed 100/409
  processed 125/409
  processed 150/409
  processed 175/409
  processed 200/409
  processed 225/409
  processed 250/409
  processed 275/409
  processed 300/409
  processed 325/409
  processed 350/409
  processed 375/409
  processed 400/409

Wrote /Users/jamesmorris/Library/Mobile Documents/iCloud~dk~simonbs~Scriptable/Documents/mlb_sub_tracker.json

Top subbed OUT:
  1. Jesús Sánchez (TOR) — 14 games [started 19 = 68%, hits 19]
  2. Trevor Larnach (MIN) — 13 games [started 21 = 75%, hits 26]
  3. Nathaniel Lowe (CIN) — 13 games [started 20 = 71%, hits 17]
  4. Owen Caissie (MIA) — 11 games [started 22 = 81%, hits 16]
  5. Kerry Carpenter (DET) — 10 games [started 16 = 57%, hits 12]
Top subbed IN:
  1. Myles Straw (TOR) — 14 games [started 10 = 36%, hits 9]
  2. Jahmai Jones (DET) — 14 games [started 6 = 21%, hits 3]
  3. Blake Perkins (MIL) — 13 games [started 6 = 21%, hits 7]
  4. Brice Matthews (HOU) — 12 games [started 13 = 46%, hits 12]
  5. Ryan Kreidler (MIN) — 12 games [started 13 = 46%, hits 12]
Window: 2026-05-22 -> 2026-06-21
Completed games in window: 417
  processed 25/417
  processed 50/417
  processed 75/417
  processed 100/417
  processed 125/417
  processed 150/417
  processed 175/417
  processed 200/417
  processed 225/417
  processed 250/417
  processed 275/417
  processed 300/417
  processed 325/417
  processed 350/417
  processed 375/417
  processed 400/417

Wrote /Users/jamesmorris/Library/Mobile Documents/iCloud~dk~simonbs~Scriptable/Documents/mlb_sub_tracker.json

Top subbed OUT:
  1. Jesús Sánchez (TOR) — 14 games [started 19 = 68%, hits 19]
  2. Trevor Larnach (MIN) — 13 games [started 22 = 76%, hits 28]
  3. Nathaniel Lowe (CIN) — 13 games [started 20 = 71%, hits 17]
  4. Owen Caissie (MIA) — 11 games [started 22 = 81%, hits 16]
  5. Wade Meckler (LAA) — 10 games [started 23 = 82%, hits 23]
Top subbed IN:
  1. Myles Straw (TOR) — 14 games [started 10 = 36%, hits 9]
  2. Jahmai Jones (DET) — 14 games [started 6 = 21%, hits 3]
  3. Blake Perkins (MIL) — 13 games [started 6 = 21%, hits 7]
  4. Ryan Kreidler (MIN) — 12 games [started 14 = 48%, hits 15]
  5. Brice Matthews (HOU) — 12 games [started 13 = 46%, hits 12]
Window: 2026-05-23 -> 2026-06-22
Completed games in window: 402
  processed 25/402
  processed 50/402
  processed 75/402
  processed 100/402
  processed 125/402
  processed 150/402
  processed 175/402
  processed 200/402
  processed 225/402
  processed 250/402
  processed 275/402
  processed 300/402
  processed 325/402
  processed 350/402
  processed 375/402
  processed 400/402

Wrote /Users/jamesmorris/Library/Mobile Documents/iCloud~dk~simonbs~Scriptable/Documents/mlb_sub_tracker.json

Top subbed OUT:
  1. Trevor Larnach (MIN) — 13 games [started 22 = 79%, hits 28]
  2. Nathaniel Lowe (CIN) — 13 games [started 20 = 74%, hits 16]
  3. Jesús Sánchez (TOR) — 13 games [started 18 = 67%, hits 18]
  4. Owen Caissie (MIA) — 10 games [started 21 = 81%, hits 15]
  5. Kerry Carpenter (DET) — 10 games [started 16 = 59%, hits 12]
Top subbed IN:
  1. Jahmai Jones (DET) — 14 games [started 5 = 19%, hits 3]
  2. Myles Straw (TOR) — 13 games [started 10 = 37%, hits 9]
  3. Ryan Kreidler (MIN) — 12 games [started 13 = 46%, hits 13]
  4. Alex Call (LAD) — 12 games [started 11 = 41%, hits 9]
  5. Justin Foscue (TEX) — 12 games [started 8 = 30%, hits 7]
--
Mon Jun 22 13:56:34 MDT 2026: on-demand refresh requested from phone (target: matchups)
Wrote /Users/jamesmorris/Library/Mobile Documents/iCloud~dk~simonbs~Scriptable/Documents/mlb_matchups.json — 13 games
  NYY (Gerrit Cole) @ DET (Framber Valdez) — 2026-06-22T22:10:00Z
  KC (Michael Wacha) @ TB (Drew Rasmussen) — 2026-06-22T22:40:00Z
  TEX (Tyler Alexander) @ MIA (Tyler Phillips) — 2026-06-22T22:40:00Z
  PHI (Tim Mayza) @ WSH (Foster Griffin) — 2026-06-22T22:45:00Z
  HOU (Hunter Brown) @ TOR (Dylan Cease) — 2026-06-22T23:07:00Z
  CHC (Shota Imanaga) @ NYM (Kodai Senga) — 2026-06-22T23:10:00Z
  MIL (Brandon Woodruff) @ CIN (Brady Singer) — 2026-06-22T23:10:00Z
  LAD (Eric Lauer) @ MIN (Zebby Matthews) — 2026-06-22T23:40:00Z
  CLE (Gavin Williams) @ CWS (Anthony Kay) — 2026-06-22T23:40:00Z
  AZ (Merrill Kelly) @ STL (Andre Pallante) — 2026-06-22T23:45:00Z
  BOS (Jake Bennett) @ COL (Ryan Feltner) — 2026-06-23T00:40:00Z
  BAL (Kyle Bradish) @ LAA (Sam Aldegheri) — 2026-06-23T01:38:00Z
  ATL (Grant Holmes) @ SD (Michael King) — 2026-06-23T02:10:00Z
Window: 2026-05-23 -> 2026-06-22
Completed games in window: 402
  processed 25/402
  processed 50/402
  processed 75/402
  processed 100/402
  processed 125/402
  processed 150/402
  processed 175/402
  processed 200/402
  processed 225/402
  processed 250/402
  processed 275/402
  processed 300/402
  processed 325/402
  processed 350/402
  processed 375/402
  processed 400/402

Wrote /Users/jamesmorris/Library/Mobile Documents/iCloud~dk~simonbs~Scriptable/Documents/mlb_sub_tracker.json

Top subbed OUT:
  1. Trevor Larnach (MIN) — 13 games [started 22 = 79%, hits 28]
  2. Nathaniel Lowe (CIN) — 13 games [started 20 = 74%, hits 16]
  3. Jesús Sánchez (TOR) — 13 games [started 18 = 67%, hits 18]
  4. Owen Caissie (MIA) — 10 games [started 21 = 81%, hits 15]
  5. Kerry Carpenter (DET) — 10 games [started 16 = 59%, hits 12]
Top subbed IN:
  1. Jahmai Jones (DET) — 14 games [started 5 = 19%, hits 3]
  2. Myles Straw (TOR) — 13 games [started 10 = 37%, hits 9]
  3. Ryan Kreidler (MIN) — 12 games [started 13 = 46%, hits 13]
  4. Alex Call (LAD) — 12 games [started 11 = 41%, hits 9]
  5. Justin Foscue (TEX) — 12 games [started 8 = 30%, hits 7]
--
Mon Jun 22 18:26:22 MDT 2026: on-demand refresh requested from phone (target: all)
Window: 2026-05-23 -> 2026-06-22
Completed games in window: 403
  processed 25/403
  processed 50/403
  processed 75/403
  processed 100/403
  processed 125/403
  processed 150/403
  processed 175/403
  processed 200/403
  processed 225/403
  processed 250/403
  processed 275/403
  processed 300/403
  processed 325/403
  processed 350/403
  processed 375/403
  processed 400/403

Wrote /Users/jamesmorris/Library/Mobile Documents/iCloud~dk~simonbs~Scriptable/Documents/mlb_sub_tracker.json

Top subbed OUT:
  1. Trevor Larnach (MIN) — 13 games [started 22 = 79%, hits 28]
  2. Nathaniel Lowe (CIN) — 13 games [started 20 = 74%, hits 16]
  3. Jesús Sánchez (TOR) — 13 games [started 18 = 67%, hits 18]
  4. Owen Caissie (MIA) — 10 games [started 21 = 81%, hits 15]
  5. Kerry Carpenter (DET) — 10 games [started 16 = 59%, hits 12]
Top subbed IN:
  1. Jahmai Jones (DET) — 14 games [started 5 = 19%, hits 3]
  2. Myles Straw (TOR) — 13 games [started 10 = 37%, hits 9]
  3. Ryan Kreidler (MIN) — 12 games [started 13 = 46%, hits 13]
  4. Alex Call (LAD) — 12 games [started 11 = 41%, hits 9]
  5. Justin Foscue (TEX) — 12 games [started 8 = 30%, hits 7]
Wrote /Users/jamesmorris/Library/Mobile Documents/iCloud~dk~simonbs~Scriptable/Documents/mlb_matchups.json — 13 games
  NYY (Gerrit Cole) @ DET (Framber Valdez) — 2026-06-22T22:10:00Z
  KC (Michael Wacha) @ TB (Drew Rasmussen) — 2026-06-22T22:40:00Z
  TEX (Tyler Alexander) @ MIA (Tyler Phillips) — 2026-06-22T22:40:00Z
  PHI (Tim Mayza) @ WSH (Foster Griffin) — 2026-06-22T22:45:00Z
  HOU (Hunter Brown) @ TOR (Dylan Cease) — 2026-06-22T23:07:00Z
  MIL (Brandon Woodruff) @ CIN (Brady Singer) — 2026-06-22T23:10:00Z
  CHC (Shota Imanaga) @ NYM (Kodai Senga) — 2026-06-22T23:10:00Z
  LAD (Will Klein) @ MIN (Zebby Matthews) — 2026-06-22T23:40:00Z
  CLE (Gavin Williams) @ CWS (Anthony Kay) — 2026-06-22T23:40:00Z
  AZ (Merrill Kelly) @ STL (Andre Pallante) — 2026-06-22T23:45:00Z
  BOS (Jake Bennett) @ COL (Ryan Feltner) — 2026-06-23T00:40:00Z
  BAL (Kyle Bradish) @ LAA (Sam Aldegheri) — 2026-06-23T01:38:00Z
  ATL (Grant Holmes) @ SD (Michael King) — 2026-06-23T02:10:00Z
Window: 2026-05-23 -> 2026-06-22
Completed games in window: 407
  processed 25/407
  processed 50/407
  processed 75/407
  processed 100/407
  processed 125/407
  processed 150/407
  processed 175/407
  processed 200/407
  processed 225/407
  processed 250/407
  processed 275/407
  processed 300/407
  processed 325/407
  processed 350/407
  processed 375/407
  processed 400/407

Wrote /Users/jamesmorris/Library/Mobile Documents/iCloud~dk~simonbs~Scriptable/Documents/mlb_sub_tracker.json

Top subbed OUT:
  1. Nathaniel Lowe (CIN) — 14 games [started 21 = 75%, hits 16]
  2. Trevor Larnach (MIN) — 13 games [started 22 = 79%, hits 28]
  3. Jesús Sánchez (TOR) — 13 games [started 18 = 67%, hits 18]
  4. Kerry Carpenter (DET) — 11 games [started 17 = 61%, hits 13]
  5. Owen Caissie (MIA) — 10 games [started 21 = 78%, hits 16]
Top subbed IN:
  1. Jahmai Jones (DET) — 14 games [started 5 = 18%, hits 3]
  2. Myles Straw (TOR) — 13 games [started 10 = 37%, hits 9]
  3. Justin Foscue (TEX) — 13 games [started 8 = 29%, hits 7]
  4. Ryan Kreidler (MIN) — 12 games [started 13 = 46%, hits 13]
  5. Alex Call (LAD) — 12 games [started 11 = 41%, hits 9]
Window: 2026-05-24 -> 2026-06-23
Completed games in window: 399
  processed 25/399
  processed 50/399
  processed 75/399
  processed 100/399
  processed 125/399
  processed 150/399
  processed 175/399
  processed 200/399
  processed 225/399
  processed 250/399
  processed 275/399
  processed 300/399
  processed 325/399
  processed 350/399
  processed 375/399

Wrote /Users/jamesmorris/Library/Mobile Documents/iCloud~dk~simonbs~Scriptable/Documents/mlb_sub_tracker.json

Top subbed OUT:
  1. Trevor Larnach (MIN) — 13 games [started 22 = 79%, hits 24]
  2. Nathaniel Lowe (CIN) — 13 games [started 19 = 73%, hits 13]
  3. Jesús Sánchez (TOR) — 13 games [started 18 = 67%, hits 16]
  4. Kerry Carpenter (DET) — 11 games [started 17 = 63%, hits 13]
  5. Owen Caissie (MIA) — 10 games [started 20 = 77%, hits 15]
Top subbed IN:
  1. Jahmai Jones (DET) — 14 games [started 5 = 19%, hits 3]
  2. Alex Call (LAD) — 13 games [started 11 = 41%, hits 11]
  3. Myles Straw (TOR) — 13 games [started 10 = 37%, hits 9]
  4. Justin Foscue (TEX) — 13 games [started 7 = 26%, hits 7]
  5. Ryan Kreidler (MIN) — 12 games [started 13 = 46%, hits 13]
--
Tue Jun 23 11:29:25 MDT 2026: on-demand refresh requested from phone (target: all)
Window: 2026-05-24 -> 2026-06-23
Completed games in window: 399
  processed 25/399
  processed 50/399
  processed 75/399
  processed 100/399
  processed 125/399
  processed 150/399
  processed 175/399
  processed 200/399
  processed 225/399
  processed 250/399
  processed 275/399
  processed 300/399
  processed 325/399
  processed 350/399
  processed 375/399

Wrote /Users/jamesmorris/Library/Mobile Documents/iCloud~dk~simonbs~Scriptable/Documents/mlb_sub_tracker.json

Top subbed OUT:
  1. Trevor Larnach (MIN) — 13 games [started 22 = 79%, hits 24]
  2. Nathaniel Lowe (CIN) — 13 games [started 19 = 73%, hits 13]
  3. Jesús Sánchez (TOR) — 13 games [started 18 = 67%, hits 16]
  4. Kerry Carpenter (DET) — 11 games [started 17 = 63%, hits 13]
  5. Owen Caissie (MIA) — 10 games [started 20 = 77%, hits 15]
Top subbed IN:
  1. Jahmai Jones (DET) — 14 games [started 5 = 19%, hits 3]
  2. Alex Call (LAD) — 13 games [started 11 = 41%, hits 11]
  3. Myles Straw (TOR) — 13 games [started 10 = 37%, hits 9]
  4. Justin Foscue (TEX) — 13 games [started 7 = 26%, hits 7]
  5. Ryan Kreidler (MIN) — 12 games [started 13 = 46%, hits 13]
  ! couldn't fetch season stats for 669456: list index out of range
  ! couldn't fetch gameLog for 669456: list index out of range
Wrote /Users/jamesmorris/Library/Mobile Documents/iCloud~dk~simonbs~Scriptable/Documents/mlb_matchups.json — 15 games
  HOU (Peter Lambert) @ TOR (Shane Bieber) — 2026-06-23T20:07:00Z
  SEA (George Kirby) @ PIT (Mitch Keller) — 2026-06-23T22:40:00Z
  KC (Luinder Avila) @ TB (Shane McClanahan) — 2026-06-23T22:40:00Z
  TEX (Cal Quantrill) @ MIA (Sandy Alcantara) — 2026-06-23T22:40:00Z
  NYY (Carlos Rodón) @ DET (Casey Mize) — 2026-06-23T22:40:00Z
  PHI (Jesús Luzardo) @ WSH (Zack Littell) — 2026-06-23T22:45:00Z
  CHC (Edward Cabrera) @ NYM (Kodai Senga) — 2026-06-23T23:10:00Z
  MIL (Brandon Sproat) @ CIN (Nick Lodolo) — 2026-06-23T23:10:00Z
  LAD (Justin Wrobleski) @ MIN (Kendry Rojas) — 2026-06-23T23:40:00Z
  CLE (Parker Messick) @ CWS (Sean Burke) — 2026-06-23T23:40:00Z
  AZ (Eduardo Rodriguez) @ STL (Kyle Leahy) — 2026-06-23T23:45:00Z
  BOS (Sonny Gray) @ COL (Sean Sullivan) — 2026-06-24T00:40:00Z
  BAL (Shane Baz) @ LAA (Ryan Johnson) — 2026-06-24T01:38:00Z
  ATL (JR Ritchie) @ SD (TBD) — 2026-06-24T01:40:00Z
  ATH (Aaron Civale) @ SF (Robbie Ray) — 2026-06-24T01:45:00Z
--
Tue Jun 23 11:34:29 MDT 2026: on-demand refresh requested from phone (target: all)
Window: 2026-05-24 -> 2026-06-23
Completed games in window: 399
  processed 25/399
  processed 50/399
  processed 75/399
  processed 100/399
  processed 125/399
  processed 150/399
  processed 175/399
  processed 200/399
  processed 225/399
  processed 250/399
  processed 275/399
  processed 300/399
  processed 325/399
  processed 350/399
  processed 375/399

Wrote /Users/jamesmorris/Library/Mobile Documents/iCloud~dk~simonbs~Scriptable/Documents/mlb_sub_tracker.json

Top subbed OUT:
  1. Trevor Larnach (MIN) — 13 games [started 22 = 79%, hits 24]
  2. Nathaniel Lowe (CIN) — 13 games [started 19 = 73%, hits 13]
  3. Jesús Sánchez (TOR) — 13 games [started 18 = 67%, hits 16]
  4. Kerry Carpenter (DET) — 11 games [started 17 = 63%, hits 13]
  5. Owen Caissie (MIA) — 10 games [started 20 = 77%, hits 15]
Top subbed IN:
  1. Jahmai Jones (DET) — 14 games [started 5 = 19%, hits 3]
  2. Alex Call (LAD) — 13 games [started 11 = 41%, hits 11]
  3. Myles Straw (TOR) — 13 games [started 10 = 37%, hits 9]
  4. Justin Foscue (TEX) — 13 games [started 7 = 26%, hits 7]
  5. Ryan Kreidler (MIN) — 12 games [started 13 = 46%, hits 13]
Wrote /Users/jamesmorris/Library/Mobile Documents/iCloud~dk~simonbs~Scriptable/Documents/mlb_matchups.json — 15 games
  HOU (Peter Lambert) @ TOR (Shane Bieber) — 2026-06-23T20:07:00Z
  SEA (George Kirby) @ PIT (Mitch Keller) — 2026-06-23T22:40:00Z
  KC (Luinder Avila) @ TB (Shane McClanahan) — 2026-06-23T22:40:00Z
  TEX (Cal Quantrill) @ MIA (Sandy Alcantara) — 2026-06-23T22:40:00Z
  NYY (Carlos Rodón) @ DET (Casey Mize) — 2026-06-23T22:40:00Z
  PHI (Jesús Luzardo) @ WSH (Zack Littell) — 2026-06-23T22:45:00Z
  CHC (Edward Cabrera) @ NYM (Kodai Senga) — 2026-06-23T23:10:00Z
  MIL (Brandon Sproat) @ CIN (Nick Lodolo) — 2026-06-23T23:10:00Z
  LAD (Justin Wrobleski) @ MIN (Kendry Rojas) — 2026-06-23T23:40:00Z
  CLE (Parker Messick) @ CWS (Sean Burke) — 2026-06-23T23:40:00Z
  AZ (Eduardo Rodriguez) @ STL (Kyle Leahy) — 2026-06-23T23:45:00Z
  BOS (Sonny Gray) @ COL (Sean Sullivan) — 2026-06-24T00:40:00Z
  BAL (Shane Baz) @ LAA (Ryan Johnson) — 2026-06-24T01:38:00Z
  ATL (JR Ritchie) @ SD (TBD) — 2026-06-24T01:40:00Z
  ATH (Aaron Civale) @ SF (Robbie Ray) — 2026-06-24T01:45:00Z
Window: 2026-05-24 -> 2026-06-23
Traceback (most recent call last):
  File "/Users/jamesmorris/Coding/MLBSubTracker/mlb_sub_tracker.py", line 274, in <module>
    main()
  File "/Users/jamesmorris/Coding/MLBSubTracker/mlb_sub_tracker.py", line 222, in main
    sched = fetch_json(
            ^^^^^^^^^^^
  File "/Users/jamesmorris/Coding/MLBSubTracker/mlb_sub_tracker.py", line 68, in fetch_json
    return json.loads(resp.read().decode("utf-8"))
                      ^^^^^^^^^^^
  File "/usr/local/Cellar/python@3.11/3.11.5/Frameworks/Python.framework/Versions/3.11/lib/python3.11/http/client.py", line 482, in read
    s = self._safe_read(self.length)
        ^^^^^^^^^^^^^^^^^^^^^^^^^^^^
  File "/usr/local/Cellar/python@3.11/3.11.5/Frameworks/Python.framework/Versions/3.11/lib/python3.11/http/client.py", line 633, in _safe_read
    raise IncompleteRead(data, amt-len(data))
http.client.IncompleteRead: IncompleteRead(374646 bytes read, 168131 more expected)
Window: 2026-05-26 -> 2026-06-25
Completed games in window: 404
  processed 25/404
  processed 50/404
  processed 75/404
  processed 100/404
  processed 125/404
  processed 150/404
  processed 175/404
  processed 200/404
  processed 225/404
  processed 250/404
  processed 275/404
  processed 300/404
  processed 325/404
  processed 350/404
  processed 375/404
  processed 400/404

Wrote /Users/jamesmorris/Library/Mobile Documents/iCloud~dk~simonbs~Scriptable/Documents/mlb_sub_tracker.json

Top subbed OUT:
  1. Trevor Larnach (MIN) — 14 games [started 22 = 79%, hits 22]
  2. Nathaniel Lowe (CIN) — 12 games [started 19 = 73%, hits 13]
  3. Jesús Sánchez (TOR) — 12 games [started 17 = 63%, hits 16]
  4. Owen Caissie (MIA) — 11 games [started 20 = 77%, hits 15]
  5. Kerry Carpenter (DET) — 11 games [started 17 = 63%, hits 13]
Top subbed IN:
  1. Justin Foscue (TEX) — 14 games [started 5 = 19%, hits 6]
  2. Alex Call (LAD) — 13 games [started 13 = 48%, hits 13]
  3. Jahmai Jones (DET) — 13 games [started 5 = 19%, hits 3]
  4. Ryan Kreidler (MIN) — 12 games [started 13 = 46%, hits 13]
  5. Myles Straw (TOR) — 12 games [started 11 = 41%, hits 10]
--
Thu Jun 25 17:55:28 MDT 2026: on-demand refresh requested from phone (target: all)
Window: 2026-05-26 -> 2026-06-25
Completed games in window: 404
  processed 25/404
  processed 50/404
  processed 75/404
  processed 100/404
  processed 125/404
  processed 150/404
  processed 175/404
  processed 200/404
  processed 225/404
  processed 250/404
  processed 275/404
  processed 300/404
  processed 325/404
  processed 350/404
  processed 375/404
  processed 400/404

Wrote /Users/jamesmorris/Library/Mobile Documents/iCloud~dk~simonbs~Scriptable/Documents/mlb_sub_tracker.json

Top subbed OUT:
  1. Trevor Larnach (MIN) — 14 games [started 22 = 79%, hits 22]
  2. Nathaniel Lowe (CIN) — 12 games [started 19 = 73%, hits 13]
  3. Jesús Sánchez (TOR) — 12 games [started 17 = 63%, hits 16]
  4. Owen Caissie (MIA) — 11 games [started 20 = 77%, hits 15]
  5. Kerry Carpenter (DET) — 11 games [started 17 = 63%, hits 13]
Top subbed IN:
  1. Justin Foscue (TEX) — 14 games [started 5 = 19%, hits 6]
  2. Alex Call (LAD) — 13 games [started 13 = 48%, hits 13]
  3. Jahmai Jones (DET) — 13 games [started 5 = 19%, hits 3]
  4. Ryan Kreidler (MIN) — 12 games [started 13 = 46%, hits 13]
  5. Myles Straw (TOR) — 12 games [started 11 = 41%, hits 10]
Wrote /Users/jamesmorris/Library/Mobile Documents/iCloud~dk~simonbs~Scriptable/Documents/mlb_matchups.json — 9 games
  KC (Seth Lugo) @ TB (Casey Legumina) — 2026-06-25T16:10:00Z
  SEA (Bryce Miller) @ PIT (Bubba Chandler) — 2026-06-25T16:35:00Z
  ATH (Jeffrey Springs) @ SF (Landen Roupp) — 2026-06-25T19:45:00Z
  HOU (Tatsuya Imai) @ DET (Troy Melton) — 2026-06-25T22:40:00Z
  PHI (Cristopher Sánchez) @ WSH (Cade Cavalli) — 2026-06-25T22:45:00Z
  TEX (MacKenzie Gore) @ TOR (Kevin Gausman) — 2026-06-25T23:07:00Z
  CHC (Matthew Boyd) @ NYM (Freddy Peralta) — 2026-06-25T23:10:00Z
  NYY (Cam Schlittler) @ BOS (Connelly Early) — 2026-06-25T23:10:00Z
  AZ (Zac Gallen) @ STL (Michael McGreevy) — 2026-06-25T23:45:00Z
--
Thu Jun 25 17:57:32 MDT 2026: on-demand refresh requested from phone (target: all)
Window: 2026-05-26 -> 2026-06-25
Completed games in window: 404
  processed 25/404
  processed 50/404
  processed 75/404
  processed 100/404
  processed 125/404
  processed 150/404
  processed 175/404
  processed 200/404
  processed 225/404
  processed 250/404
  processed 275/404
  processed 300/404
  processed 325/404
  processed 350/404
  processed 375/404
  processed 400/404

Wrote /Users/jamesmorris/Library/Mobile Documents/iCloud~dk~simonbs~Scriptable/Documents/mlb_sub_tracker.json

Top subbed OUT:
  1. Trevor Larnach (MIN) — 14 games [started 22 = 79%, hits 22]
  2. Nathaniel Lowe (CIN) — 12 games [started 19 = 73%, hits 13]
  3. Jesús Sánchez (TOR) — 12 games [started 17 = 63%, hits 16]
  4. Owen Caissie (MIA) — 11 games [started 20 = 77%, hits 15]
  5. Kerry Carpenter (DET) — 11 games [started 17 = 63%, hits 13]
Top subbed IN:
  1. Justin Foscue (TEX) — 14 games [started 5 = 19%, hits 6]
  2. Alex Call (LAD) — 13 games [started 13 = 48%, hits 13]
  3. Jahmai Jones (DET) — 13 games [started 5 = 19%, hits 3]
  4. Ryan Kreidler (MIN) — 12 games [started 13 = 46%, hits 13]
  5. Myles Straw (TOR) — 12 games [started 11 = 41%, hits 10]
Wrote /Users/jamesmorris/Library/Mobile Documents/iCloud~dk~simonbs~Scriptable/Documents/mlb_matchups.json — 9 games
  KC (Seth Lugo) @ TB (Casey Legumina) — 2026-06-25T16:10:00Z
  SEA (Bryce Miller) @ PIT (Bubba Chandler) — 2026-06-25T16:35:00Z
  ATH (Jeffrey Springs) @ SF (Landen Roupp) — 2026-06-25T19:45:00Z
  HOU (Tatsuya Imai) @ DET (Troy Melton) — 2026-06-25T22:40:00Z
  PHI (Cristopher Sánchez) @ WSH (Cade Cavalli) — 2026-06-25T22:45:00Z
  TEX (MacKenzie Gore) @ TOR (Kevin Gausman) — 2026-06-25T23:07:00Z
  CHC (Matthew Boyd) @ NYM (Freddy Peralta) — 2026-06-25T23:10:00Z
  NYY (Cam Schlittler) @ BOS (Connelly Early) — 2026-06-25T23:10:00Z
  AZ (Zac Gallen) @ STL (Michael McGreevy) — 2026-06-25T23:45:00Z
Window: 2026-05-26 -> 2026-06-25
Traceback (most recent call last):
  File "/Users/jamesmorris/Coding/MLBSubTracker/mlb_sub_tracker.py", line 274, in <module>
    main()
  File "/Users/jamesmorris/Coding/MLBSubTracker/mlb_sub_tracker.py", line 222, in main
    sched = fetch_json(
            ^^^^^^^^^^^
  File "/Users/jamesmorris/Coding/MLBSubTracker/mlb_sub_tracker.py", line 72, in fetch_json
    raise RuntimeError(f"Failed to fetch {url}: {last_err}")
RuntimeError: Failed to fetch https://statsapi.mlb.com/api/v1/schedule?sportId=1&startDate=2026-05-26&endDate=2026-06-25: <urlopen error [Errno 8] nodename nor servname provided, or not known>
Window: 2026-05-27 -> 2026-06-26
Completed games in window: 395
  processed 25/395
  processed 50/395
  processed 75/395
  processed 100/395
  processed 125/395
  processed 150/395
  processed 175/395
  processed 200/395
  processed 225/395
  processed 250/395
  processed 275/395
  processed 300/395
  processed 325/395
  processed 350/395
  processed 375/395

Wrote /Users/jamesmorris/Library/Mobile Documents/iCloud~dk~simonbs~Scriptable/Documents/mlb_sub_tracker.json

Top subbed OUT:
  1. Trevor Larnach (MIN) — 13 games [started 21 = 78%, hits 21]
  2. Nathaniel Lowe (CIN) — 12 games [started 19 = 76%, hits 13]
  3. Jesús Sánchez (TOR) — 12 games [started 16 = 59%, hits 14]
  4. Owen Caissie (MIA) — 11 games [started 20 = 80%, hits 15]
  5. Kerry Carpenter (DET) — 11 games [started 18 = 67%, hits 13]
Top subbed IN:
  1. Justin Foscue (TEX) — 14 games [started 4 = 15%, hits 6]
  2. Alex Call (LAD) — 12 games [started 13 = 50%, hits 13]
  3. Myles Straw (TOR) — 12 games [started 12 = 44%, hits 11]
  4. Brice Matthews (HOU) — 12 games [started 12 = 44%, hits 9]
  5. Esteury Ruiz (MIA) — 12 games [started 10 = 40%, hits 11]
--
Fri Jun 26 11:10:12 MDT 2026: on-demand refresh requested from phone (target: all)
Window: 2026-05-27 -> 2026-06-26
Completed games in window: 395
  processed 25/395
  processed 50/395
  processed 75/395
  processed 100/395
  processed 125/395
  processed 150/395
  processed 175/395
  processed 200/395
  processed 225/395
  processed 250/395
  processed 275/395
  processed 300/395
  processed 325/395
  processed 350/395
  processed 375/395

Wrote /Users/jamesmorris/Library/Mobile Documents/iCloud~dk~simonbs~Scriptable/Documents/mlb_sub_tracker.json

Top subbed OUT:
  1. Trevor Larnach (MIN) — 13 games [started 21 = 78%, hits 21]
  2. Nathaniel Lowe (CIN) — 12 games [started 19 = 76%, hits 13]
  3. Jesús Sánchez (TOR) — 12 games [started 16 = 59%, hits 14]
  4. Owen Caissie (MIA) — 11 games [started 20 = 80%, hits 15]
  5. Kerry Carpenter (DET) — 11 games [started 18 = 67%, hits 13]
Top subbed IN:
  1. Justin Foscue (TEX) — 14 games [started 4 = 15%, hits 6]
  2. Alex Call (LAD) — 12 games [started 13 = 50%, hits 13]
  3. Myles Straw (TOR) — 12 games [started 12 = 44%, hits 11]
  4. Brice Matthews (HOU) — 12 games [started 12 = 44%, hits 9]
  5. Esteury Ruiz (MIA) — 12 games [started 10 = 40%, hits 11]
Wrote /Users/jamesmorris/Library/Mobile Documents/iCloud~dk~simonbs~Scriptable/Documents/mlb_matchups.json — 15 games
  HOU (Spencer Arrighetti) @ DET (Keider Montero) — 2026-06-26T22:40:00Z
  CIN (Andrew Abbott) @ PIT (Paul Skenes) — 2026-06-26T22:40:00Z
  WSH (Andrew Alvarez) @ BAL (Trevor Rogers) — 2026-06-26T23:05:00Z
  TEX (Nathan Eovaldi) @ TOR (Patrick Corbin) — 2026-06-26T23:07:00Z
  SEA (Luis Castillo) @ CLE (Joey Cantillo) — 2026-06-26T23:10:00Z
  AZ (Zac Gallen) @ TB (Nick Martinez) — 2026-06-26T23:10:00Z
  PHI (Zack Wheeler) @ NYM (TBD) — 2026-06-26T23:10:00Z
  NYY (Will Warren) @ BOS (Payton Tolle) — 2026-06-26T23:10:00Z
  KC (TBD) @ CWS (TBD) — 2026-06-26T23:40:00Z
  CHC (Colin Rea) @ MIL (Jacob Misiorowski) — 2026-06-26T23:45:00Z
  COL (Tomoyuki Sugano) @ MIN (Taj Bradley) — 2026-06-27T00:10:00Z
  MIA (Max Meyer) @ STL (Michael McGreevy) — 2026-06-27T00:15:00Z
  ATH (J.T. Ginn) @ LAA (Walbert Ureña) — 2026-06-27T01:38:00Z
  LAD (Roki Sasaki) @ SD (Walker Buehler) — 2026-06-27T01:45:00Z
  ATL (Reynaldo López) @ SF (TBD) — 2026-06-27T02:15:00Z
Window: 2026-05-27 -> 2026-06-26
Completed games in window: 395
  processed 25/395
  processed 50/395
  processed 75/395
  processed 100/395
  processed 125/395
  processed 150/395
  processed 175/395
  processed 200/395
  processed 225/395
  processed 250/395
  processed 275/395
  processed 300/395
  processed 325/395
  processed 350/395
  processed 375/395

Wrote /Users/jamesmorris/Library/Mobile Documents/iCloud~dk~simonbs~Scriptable/Documents/mlb_sub_tracker.json

Top subbed OUT:
  1. Trevor Larnach (MIN) — 13 games [started 21 = 78%, hits 21]
  2. Nathaniel Lowe (CIN) — 12 games [started 19 = 76%, hits 13]
  3. Jesús Sánchez (TOR) — 12 games [started 16 = 59%, hits 14]
  4. Owen Caissie (MIA) — 11 games [started 20 = 80%, hits 15]
  5. Kerry Carpenter (DET) — 11 games [started 18 = 67%, hits 13]
Top subbed IN:
  1. Justin Foscue (TEX) — 14 games [started 4 = 15%, hits 6]
  2. Alex Call (LAD) — 12 games [started 13 = 50%, hits 13]
  3. Myles Straw (TOR) — 12 games [started 12 = 44%, hits 11]
  4. Brice Matthews (HOU) — 12 games [started 12 = 44%, hits 9]
  5. Esteury Ruiz (MIA) — 12 games [started 10 = 40%, hits 11]
--
Fri Jun 26 15:51:14 MDT 2026: on-demand refresh requested from phone (target: all)
Window: 2026-05-27 -> 2026-06-26
Completed games in window: 395
  processed 25/395
  processed 50/395
  processed 75/395
  processed 100/395
  processed 125/395
  processed 150/395
  processed 175/395
  processed 200/395
  processed 225/395
  processed 250/395
  processed 275/395
  processed 300/395
  processed 325/395
  processed 350/395
  processed 375/395

Wrote /Users/jamesmorris/Library/Mobile Documents/iCloud~dk~simonbs~Scriptable/Documents/mlb_sub_tracker.json

Top subbed OUT:
  1. Trevor Larnach (MIN) — 13 games [started 21 = 78%, hits 21]
  2. Nathaniel Lowe (CIN) — 12 games [started 19 = 76%, hits 13]
  3. Jesús Sánchez (TOR) — 12 games [started 16 = 59%, hits 14]
  4. Owen Caissie (MIA) — 11 games [started 20 = 80%, hits 15]
  5. Kerry Carpenter (DET) — 11 games [started 18 = 67%, hits 13]
Top subbed IN:
  1. Justin Foscue (TEX) — 14 games [started 4 = 15%, hits 6]
  2. Alex Call (LAD) — 12 games [started 13 = 50%, hits 13]
  3. Myles Straw (TOR) — 12 games [started 12 = 44%, hits 11]
  4. Brice Matthews (HOU) — 12 games [started 12 = 44%, hits 9]
  5. Esteury Ruiz (MIA) — 12 games [started 10 = 40%, hits 11]
Wrote /Users/jamesmorris/Library/Mobile Documents/iCloud~dk~simonbs~Scriptable/Documents/mlb_matchups.json — 15 games
  HOU (Spencer Arrighetti) @ DET (Keider Montero) — 2026-06-26T22:40:00Z
  CIN (Andrew Abbott) @ PIT (Paul Skenes) — 2026-06-26T22:40:00Z
  WSH (Andrew Alvarez) @ BAL (Trevor Rogers) — 2026-06-26T23:05:00Z
  TEX (Nathan Eovaldi) @ TOR (Patrick Corbin) — 2026-06-26T23:07:00Z
  SEA (Luis Castillo) @ CLE (Joey Cantillo) — 2026-06-26T23:10:00Z
  AZ (Zac Gallen) @ TB (Nick Martinez) — 2026-06-26T23:10:00Z
  PHI (Zack Wheeler) @ NYM (Zach Thornton) — 2026-06-26T23:10:00Z
  NYY (Will Warren) @ BOS (Payton Tolle) — 2026-06-26T23:10:00Z
  KC (Steven Cruz) @ CWS (David Sandlin) — 2026-06-26T23:40:00Z
  CHC (Colin Rea) @ MIL (Jacob Misiorowski) — 2026-06-26T23:45:00Z
  COL (Tomoyuki Sugano) @ MIN (Taj Bradley) — 2026-06-27T00:10:00Z
  MIA (Max Meyer) @ STL (Michael McGreevy) — 2026-06-27T00:15:00Z
  ATH (J.T. Ginn) @ LAA (Walbert Ureña) — 2026-06-27T01:38:00Z
  LAD (Roki Sasaki) @ SD (Walker Buehler) — 2026-06-27T01:45:00Z
  ATL (Reynaldo López) @ SF (TBD) — 2026-06-27T02:15:00Z
